<?xml version="1.0" encoding="UTF-8"?>
<testsuite xmlns:xsi="http://www.w3.org/2001/XMLSchema-instance" xsi:noNamespaceSchemaLocation="https://maven.apache.org/surefire/maven-surefire-plugin/xsd/surefire-test-report-3.0.xsd" version="3.0" name="com.example.coursesearch.search.CourseSearchServiceTest" time="1.486" tests="3" errors="0" skipped="0" failures="0">
  <properties>
    <property name="java.specification.version" value="21"/>
    <property name="sun.cpu.isalist" value="amd64"/>
    <property name="sun.jnu.encoding" value="Cp1252"/>
    <property name="java.class.path" value="C:\Users\basic\OneDrive\Documents\coursesearch\target\test-classes;C:\Users\basic\OneDrive\Documents\coursesearch\target\classes;C:\Users\basic\.m2\repository\org\springframework\boot\spring-boot-starter-web\3.5.3\spring-boot-starter-web-3.5.3.jar;C:\Users\basic\.m2\repository\org\springframework\boot\spring-boot-starter\3.5.3\spring-boot-starter-3.5.3.jar;C:\Users\basic\.m2\repository\org\springframework\boot\spring-boot\3.5.3\spring-boot-3.5.3.jar;C:\Users\basic\.m2\repository\org\springframework\boot\spring-boot-autoconfigure\3.5.3\spring-boot-autoconfigure-3.5.3.jar;C:\Users\basic\.m2\repository\org\springframework\boot\spring-boot-starter-logging\3.5.3\spring-boot-starter-logging-3.5.3.jar;C:\Users\basic\.m2\repository\ch\qos\logback\logback-classic\1.5.18\logback-classic-1.5.18.jar;C:\Users\basic\.m2\repository\ch\qos\logback\logback-core\1.5.18\logback-core-1.5.18.jar;C:\Users\basic\.m2\repository\org\apache\logging\log4j\log4j-to-slf4j\2.24.3\log4j-to-slf4j-2.24.3.jar;C:\Users\basic\.m2\repository\org\apache\logging\log4j\log4j-api\2.24.3\log4j-api-2.24.3.jar;C:\Users\basic\.m2\repository\org\slf4j\jul-to-slf4j\2.0.17\jul-to-slf4j-2.0.17.jar;C:\Users\basic\.m2\repository\jakarta\annotation\jakarta.annotation-api\2.1.1\jakarta.annotation-api-2.1.1.jar;C:\Users\basic\.m2\repository\org\yaml\snakeyaml\2.4\snakeyaml-2.4.jar;C:\Users\basic\.m2\repository\org\springframework\boot\spring-boot-starter-json\3.5.3\spring-boot-starter-json-3.5.3.jar;C:\Users\basic\.m2\repository\com\fasterxml\jackson\datatype\jackson-datatype-jdk8\2.19.1\jackson-datatype-jdk8-2.19.1.jar;C:\Users\basic\.m2\repository\com\fasterxml\jackson\module\jackson-module-parameter-names\2.19.1\jackson-module-parameter-names-2.19.1.jar;C:\Users\basic\.m2\repository\org\springframework\boot\spring-boot-starter-tomcat\3.5.3\spring-boot-starter-tomcat-3.5.3.jar;C:\Users\basic\.m2\repository\org\apache\tomcat\embed\tomcat-embed-core\10.1.42\tomcat-embed-core-10.1.42.jar;C:\Users\basic\.m2\repository\org\apache\tomcat\embed\tomcat-embed-el\10.1.42\tomcat-embed-el-10.1.42.jar;C:\Users\basic\.m2\repository\org\apache\tomcat\embed\tomcat-embed-websocket\10.1.42\tomcat-embed-websocket-10.1.42.jar;C:\Users\basic\.m2\repository\org\springframework\spring-web\6.2.8\spring-web-6.2.8.jar;C:\Users\basic\.m2\repository\org\springframework\spring-beans\6.2.8\spring-beans-6.2.8.jar;C:\Users\basic\.m2\repository\io\micrometer\micrometer-observation\1.15.1\micrometer-observation-1.15.1.jar;C:\Users\basic\.m2\repository\io\micrometer\micrometer-commons\1.15.1\micrometer-commons-1.15.1.jar;C:\Users\basic\.m2\repository\org\springframework\spring-webmvc\6.2.8\spring-webmvc-6.2.8.jar;C:\Users\basic\.m2\repository\org\springframework\spring-aop\6.2.8\spring-aop-6.2.8.jar;C:\Users\basic\.m2\repository\org\springframework\spring-expression\6.2.8\spring-expression-6.2.8.jar;C:\Users\basic\.m2\repository\org\springframework\boot\spring-boot-starter-data-elasticsearch\3.5.3\spring-boot-starter-data-elasticsearch-3.5.3.jar;C:\Users\basic\.m2\repository\co\elastic\clients\elasticsearch-java\8.11.1\elasticsearch-java-8.11.1.jar;C:\Users\basic\.m2\repository\org\elasticsearch\client\elasticsearch-rest-client\8.18.1\elasticsearch-rest-client-8.18.1.jar;C:\Users\basic\.m2\repository\org\apache\httpcomponents\httpclient\4.5.14\httpclient-4.5.14.jar;C:\Users\basic\.m2\repository\org\apache\httpcomponents\httpcore\4.4.16\httpcore-4.4.16.jar;C:\Users\basic\.m2\repository\org\apache\httpcomponents\httpasyncclient\4.1.5\httpasyncclient-4.1.5.jar;C:\Users\basic\.m2\repository\org\apache\httpcomponents\httpcore-nio\4.4.16\httpcore-nio-4.4.16.jar;C:\Users\basic\.m2\repository\commons-codec\commons-codec\1.18.0\commons-codec-1.18.0.jar;C:\Users\basic\.m2\repository\com\google\code\findbugs\jsr305\3.0.2\jsr305-3.0.2.jar;C:\Users\basic\.m2\repository\jakarta\json\jakarta.json-api\2.1.3\jakarta.json-api-2.1.3.jar;C:\Users\basic\.m2\repository\org\eclipse\parsson\parsson\1.0.0\parsson-1.0.0.jar;C:\Users\basic\.m2\repository\io\opentelemetry\opentelemetry-api\1.49.0\opentelemetry-api-1.49.0.jar;C:\Users\basic\.m2\repository\io\opentelemetry\opentelemetry-context\1.49.0\opentelemetry-context-1.49.0.jar;C:\Users\basic\.m2\repository\com\fasterxml\jackson\datatype\jackson-datatype-jsr310\2.19.1\jackson-datatype-jsr310-2.19.1.jar;C:\Users\basic\.m2\repository\com\fasterxml\jackson\core\jackson-annotations\2.19.1\jackson-annotations-2.19.1.jar;C:\Users\basic\.m2\repository\com\fasterxml\jackson\core\jackson-core\2.19.1\jackson-core-2.19.1.jar;C:\Users\basic\.m2\repository\com\fasterxml\jackson\core\jackson-databind\2.19.1\jackson-databind-2.19.1.jar;C:\Users\basic\.m2\repository\jakarta\validation\jakarta.validation-api\3.0.2\jakarta.validation-api-3.0.2.jar;C:\Users\basic\.m2\repository\org\hibernate\validator\hibernate-validator\8.0.2.Final\hibernate-validator-8.0.2.Final.jar;C:\Users\basic\.m2\repository\org\jboss\logging\jboss-logging\3.6.1.Final\jboss-logging-3.6.1.Final.jar;C:\Users\basic\.m2\repository\com\fasterxml\classmate\1.7.0\classmate-1.7.0.jar;C:\Users\basic\.m2\repository\org\projectlombok\lombok\1.18.38\lombok-1.18.38.jar;C:\Users\basic\.m2\repository\org\springframework\boot\spring-boot-starter-test\3.5.3\spring-boot-starter-test-3.5.3.jar;C:\Users\basic\.m2\repository\org\springframework\boot\spring-boot-test\3.5.3\spring-boot-test-3.5.3.jar;C:\Users\basic\.m2\repository\org\springframework\boot\spring-boot-test-autoconfigure\3.5.3\spring-boot-test-autoconfigure-3.5.3.jar;C:\Users\basic\.m2\repository\com\jayway\jsonpath\json-path\2.9.0\json-path-2.9.0.jar;C:\Users\basic\.m2\repository\jakarta\xml\bind\jakarta.xml.bind-api\4.0.2\jakarta.xml.bind-api-4.0.2.jar;C:\Users\basic\.m2\repository\jakarta\activation\jakarta.activation-api\2.1.3\jakarta.activation-api-2.1.3.jar;C:\Users\basic\.m2\repository\net\minidev\json-smart\2.5.2\json-smart-2.5.2.jar;C:\Users\basic\.m2\repository\net\minidev\accessors-smart\2.5.2\accessors-smart-2.5.2.jar;C:\Users\basic\.m2\repository\org\ow2\asm\asm\9.7.1\asm-9.7.1.jar;C:\Users\basic\.m2\repository\org\awaitility\awaitility\4.2.2\awaitility-4.2.2.jar;C:\Users\basic\.m2\repository\org\hamcrest\hamcrest\3.0\hamcrest-3.0.jar;C:\Users\basic\.m2\repository\org\junit\jupiter\junit-jupiter\5.12.2\junit-jupiter-5.12.2.jar;C:\Users\basic\.m2\repository\org\junit\jupiter\junit-jupiter-api\5.12.2\junit-jupiter-api-5.12.2.jar;C:\Users\basic\.m2\repository\org\opentest4j\opentest4j\1.3.0\opentest4j-1.3.0.jar;C:\Users\basic\.m2\repository\org\junit\platform\junit-platform-commons\1.12.2\junit-platform-commons-1.12.2.jar;C:\Users\basic\.m2\repository\org\apiguardian\apiguardian-api\1.1.2\apiguardian-api-1.1.2.jar;C:\Users\basic\.m2\repository\org\junit\jupiter\junit-jupiter-params\5.12.2\junit-jupiter-params-5.12.2.jar;C:\Users\basic\.m2\repository\org\junit\jupiter\junit-jupiter-engine\5.12.2\junit-jupiter-engine-5.12.2.jar;C:\Users\basic\.m2\repository\org\junit\platform\junit-platform-engine\1.12.2\junit-platform-engine-1.12.2.jar;C:\Users\basic\.m2\repository\org\mockito\mockito-core\5.17.0\mockito-core-5.17.0.jar;C:\Users\basic\.m2\repository\net\bytebuddy\byte-buddy-agent\1.17.6\byte-buddy-agent-1.17.6.jar;C:\Users\basic\.m2\repository\org\objenesis\objenesis\3.3\objenesis-3.3.jar;C:\Users\basic\.m2\repository\org\mockito\mockito-junit-jupiter\5.17.0\mockito-junit-jupiter-5.17.0.jar;C:\Users\basic\.m2\repository\org\skyscreamer\jsonassert\1.5.3\jsonassert-1.5.3.jar;C:\Users\basic\.m2\repository\com\vaadin\external\google\android-json\0.0.20131108.vaadin1\android-json-0.0.20131108.vaadin1.jar;C:\Users\basic\.m2\repository\org\springframework\spring-core\6.2.8\spring-core-6.2.8.jar;C:\Users\basic\.m2\repository\org\springframework\spring-jcl\6.2.8\spring-jcl-6.2.8.jar;C:\Users\basic\.m2\repository\org\springframework\spring-test\6.2.8\spring-test-6.2.8.jar;C:\Users\basic\.m2\repository\org\xmlunit\xmlunit-core\2.10.2\xmlunit-core-2.10.2.jar;C:\Users\basic\.m2\repository\org\assertj\assertj-core\3.25.3\assertj-core-3.25.3.jar;C:\Users\basic\.m2\repository\net\bytebuddy\byte-buddy\1.17.6\byte-buddy-1.17.6.jar;C:\Users\basic\.m2\repository\org\testcontainers\elasticsearch\1.19.7\elasticsearch-1.19.7.jar;C:\Users\basic\.m2\repository\org\testcontainers\testcontainers\1.21.2\testcontainers-1.21.2.jar;C:\Users\basic\.m2\repository\junit\junit\4.13.2\junit-4.13.2.jar;C:\Users\basic\.m2\repository\org\hamcrest\hamcrest-core\3.0\hamcrest-core-3.0.jar;C:\Users\basic\.m2\repository\org\apache\commons\commons-compress\1.24.0\commons-compress-1.24.0.jar;C:\Users\basic\.m2\repository\org\rnorth\duct-tape\duct-tape\1.0.8\duct-tape-1.0.8.jar;C:\Users\basic\.m2\repository\org\jetbrains\annotations\17.0.0\annotations-17.0.0.jar;C:\Users\basic\.m2\repository\com\github\docker-java\docker-java-api\3.4.2\docker-java-api-3.4.2.jar;C:\Users\basic\.m2\repository\com\github\docker-java\docker-java-transport-zerodep\3.4.2\docker-java-transport-zerodep-3.4.2.jar;C:\Users\basic\.m2\repository\com\github\docker-java\docker-java-transport\3.4.2\docker-java-transport-3.4.2.jar;C:\Users\basic\.m2\repository\net\java\dev\jna\jna\5.13.0\jna-5.13.0.jar;C:\Users\basic\.m2\repository\org\testcontainers\junit-jupiter\1.19.7\junit-jupiter-1.19.7.jar;C:\Users\basic\.m2\repository\org\springframework\data\spring-data-elasticsearch\5.3.0\spring-data-elasticsearch-5.3.0.jar;C:\Users\basic\.m2\repository\org\springframework\spring-context\6.2.8\spring-context-6.2.8.jar;C:\Users\basic\.m2\repository\org\springframework\spring-tx\6.2.8\spring-tx-6.2.8.jar;C:\Users\basic\.m2\repository\org\springframework\data\spring-data-commons\3.5.1\spring-data-commons-3.5.1.jar;C:\Users\basic\.m2\repository\org\slf4j\slf4j-api\2.0.17\slf4j-api-2.0.17.jar;"/>
    <property name="java.vm.vendor" value="Eclipse Adoptium"/>
    <property name="sun.arch.data.model" value="64"/>
    <property name="user.variant" value=""/>
    <property name="java.vendor.url" value="https://adoptium.net/"/>
    <property name="user.timezone" value="Asia/Calcutta"/>
    <property name="org.jboss.logging.provider" value="slf4j"/>
    <property name="os.name" value="Windows 11"/>
    <property name="java.vm.specification.version" value="21"/>
    <property name="APPLICATION_NAME" value="courseseach"/>
    <property name="sun.java.launcher" value="SUN_STANDARD"/>
    <property name="user.country" value="US"/>
    <property name="sun.boot.library.path" value="C:\Program Files\Eclipse Adoptium\jdk-21.0.7.6-hotspot\bin"/>
    <property name="sun.java.command" value="C:\Users\basic\AppData\Local\Temp\surefire1239862466809149736\surefirebooter-20250714113700400_3.jar C:\Users\basic\AppData\Local\Temp\surefire1239862466809149736 2025-07-14T11-37-00_192-jvmRun1 surefire-20250714113700400_1tmp surefire_0-20250714113700400_2tmp"/>
    <property name="jdk.debug" value="release"/>
    <property name="surefire.test.class.path" value="C:\Users\basic\OneDrive\Documents\coursesearch\target\test-classes;C:\Users\basic\OneDrive\Documents\coursesearch\target\classes;C:\Users\basic\.m2\repository\org\springframework\boot\spring-boot-starter-web\3.5.3\spring-boot-starter-web-3.5.3.jar;C:\Users\basic\.m2\repository\org\springframework\boot\spring-boot-starter\3.5.3\spring-boot-starter-3.5.3.jar;C:\Users\basic\.m2\repository\org\springframework\boot\spring-boot\3.5.3\spring-boot-3.5.3.jar;C:\Users\basic\.m2\repository\org\springframework\boot\spring-boot-autoconfigure\3.5.3\spring-boot-autoconfigure-3.5.3.jar;C:\Users\basic\.m2\repository\org\springframework\boot\spring-boot-starter-logging\3.5.3\spring-boot-starter-logging-3.5.3.jar;C:\Users\basic\.m2\repository\ch\qos\logback\logback-classic\1.5.18\logback-classic-1.5.18.jar;C:\Users\basic\.m2\repository\ch\qos\logback\logback-core\1.5.18\logback-core-1.5.18.jar;C:\Users\basic\.m2\repository\org\apache\logging\log4j\log4j-to-slf4j\2.24.3\log4j-to-slf4j-2.24.3.jar;C:\Users\basic\.m2\repository\org\apache\logging\log4j\log4j-api\2.24.3\log4j-api-2.24.3.jar;C:\Users\basic\.m2\repository\org\slf4j\jul-to-slf4j\2.0.17\jul-to-slf4j-2.0.17.jar;C:\Users\basic\.m2\repository\jakarta\annotation\jakarta.annotation-api\2.1.1\jakarta.annotation-api-2.1.1.jar;C:\Users\basic\.m2\repository\org\yaml\snakeyaml\2.4\snakeyaml-2.4.jar;C:\Users\basic\.m2\repository\org\springframework\boot\spring-boot-starter-json\3.5.3\spring-boot-starter-json-3.5.3.jar;C:\Users\basic\.m2\repository\com\fasterxml\jackson\datatype\jackson-datatype-jdk8\2.19.1\jackson-datatype-jdk8-2.19.1.jar;C:\Users\basic\.m2\repository\com\fasterxml\jackson\module\jackson-module-parameter-names\2.19.1\jackson-module-parameter-names-2.19.1.jar;C:\Users\basic\.m2\repository\org\springframework\boot\spring-boot-starter-tomcat\3.5.3\spring-boot-starter-tomcat-3.5.3.jar;C:\Users\basic\.m2\repository\org\apache\tomcat\embed\tomcat-embed-core\10.1.42\tomcat-embed-core-10.1.42.jar;C:\Users\basic\.m2\repository\org\apache\tomcat\embed\tomcat-embed-el\10.1.42\tomcat-embed-el-10.1.42.jar;C:\Users\basic\.m2\repository\org\apache\tomcat\embed\tomcat-embed-websocket\10.1.42\tomcat-embed-websocket-10.1.42.jar;C:\Users\basic\.m2\repository\org\springframework\spring-web\6.2.8\spring-web-6.2.8.jar;C:\Users\basic\.m2\repository\org\springframework\spring-beans\6.2.8\spring-beans-6.2.8.jar;C:\Users\basic\.m2\repository\io\micrometer\micrometer-observation\1.15.1\micrometer-observation-1.15.1.jar;C:\Users\basic\.m2\repository\io\micrometer\micrometer-commons\1.15.1\micrometer-commons-1.15.1.jar;C:\Users\basic\.m2\repository\org\springframework\spring-webmvc\6.2.8\spring-webmvc-6.2.8.jar;C:\Users\basic\.m2\repository\org\springframework\spring-aop\6.2.8\spring-aop-6.2.8.jar;C:\Users\basic\.m2\repository\org\springframework\spring-expression\6.2.8\spring-expression-6.2.8.jar;C:\Users\basic\.m2\repository\org\springframework\boot\spring-boot-starter-data-elasticsearch\3.5.3\spring-boot-starter-data-elasticsearch-3.5.3.jar;C:\Users\basic\.m2\repository\co\elastic\clients\elasticsearch-java\8.11.1\elasticsearch-java-8.11.1.jar;C:\Users\basic\.m2\repository\org\elasticsearch\client\elasticsearch-rest-client\8.18.1\elasticsearch-rest-client-8.18.1.jar;C:\Users\basic\.m2\repository\org\apache\httpcomponents\httpclient\4.5.14\httpclient-4.5.14.jar;C:\Users\basic\.m2\repository\org\apache\httpcomponents\httpcore\4.4.16\httpcore-4.4.16.jar;C:\Users\basic\.m2\repository\org\apache\httpcomponents\httpasyncclient\4.1.5\httpasyncclient-4.1.5.jar;C:\Users\basic\.m2\repository\org\apache\httpcomponents\httpcore-nio\4.4.16\httpcore-nio-4.4.16.jar;C:\Users\basic\.m2\repository\commons-codec\commons-codec\1.18.0\commons-codec-1.18.0.jar;C:\Users\basic\.m2\repository\com\google\code\findbugs\jsr305\3.0.2\jsr305-3.0.2.jar;C:\Users\basic\.m2\repository\jakarta\json\jakarta.json-api\2.1.3\jakarta.json-api-2.1.3.jar;C:\Users\basic\.m2\repository\org\eclipse\parsson\parsson\1.0.0\parsson-1.0.0.jar;C:\Users\basic\.m2\repository\io\opentelemetry\opentelemetry-api\1.49.0\opentelemetry-api-1.49.0.jar;C:\Users\basic\.m2\repository\io\opentelemetry\opentelemetry-context\1.49.0\opentelemetry-context-1.49.0.jar;C:\Users\basic\.m2\repository\com\fasterxml\jackson\datatype\jackson-datatype-jsr310\2.19.1\jackson-datatype-jsr310-2.19.1.jar;C:\Users\basic\.m2\repository\com\fasterxml\jackson\core\jackson-annotations\2.19.1\jackson-annotations-2.19.1.jar;C:\Users\basic\.m2\repository\com\fasterxml\jackson\core\jackson-core\2.19.1\jackson-core-2.19.1.jar;C:\Users\basic\.m2\repository\com\fasterxml\jackson\core\jackson-databind\2.19.1\jackson-databind-2.19.1.jar;C:\Users\basic\.m2\repository\jakarta\validation\jakarta.validation-api\3.0.2\jakarta.validation-api-3.0.2.jar;C:\Users\basic\.m2\repository\org\hibernate\validator\hibernate-validator\8.0.2.Final\hibernate-validator-8.0.2.Final.jar;C:\Users\basic\.m2\repository\org\jboss\logging\jboss-logging\3.6.1.Final\jboss-logging-3.6.1.Final.jar;C:\Users\basic\.m2\repository\com\fasterxml\classmate\1.7.0\classmate-1.7.0.jar;C:\Users\basic\.m2\repository\org\projectlombok\lombok\1.18.38\lombok-1.18.38.jar;C:\Users\basic\.m2\repository\org\springframework\boot\spring-boot-starter-test\3.5.3\spring-boot-starter-test-3.5.3.jar;C:\Users\basic\.m2\repository\org\springframework\boot\spring-boot-test\3.5.3\spring-boot-test-3.5.3.jar;C:\Users\basic\.m2\repository\org\springframework\boot\spring-boot-test-autoconfigure\3.5.3\spring-boot-test-autoconfigure-3.5.3.jar;C:\Users\basic\.m2\repository\com\jayway\jsonpath\json-path\2.9.0\json-path-2.9.0.jar;C:\Users\basic\.m2\repository\jakarta\xml\bind\jakarta.xml.bind-api\4.0.2\jakarta.xml.bind-api-4.0.2.jar;C:\Users\basic\.m2\repository\jakarta\activation\jakarta.activation-api\2.1.3\jakarta.activation-api-2.1.3.jar;C:\Users\basic\.m2\repository\net\minidev\json-smart\2.5.2\json-smart-2.5.2.jar;C:\Users\basic\.m2\repository\net\minidev\accessors-smart\2.5.2\accessors-smart-2.5.2.jar;C:\Users\basic\.m2\repository\org\ow2\asm\asm\9.7.1\asm-9.7.1.jar;C:\Users\basic\.m2\repository\org\awaitility\awaitility\4.2.2\awaitility-4.2.2.jar;C:\Users\basic\.m2\repository\org\hamcrest\hamcrest\3.0\hamcrest-3.0.jar;C:\Users\basic\.m2\repository\org\junit\jupiter\junit-jupiter\5.12.2\junit-jupiter-5.12.2.jar;C:\Users\basic\.m2\repository\org\junit\jupiter\junit-jupiter-api\5.12.2\junit-jupiter-api-5.12.2.jar;C:\Users\basic\.m2\repository\org\opentest4j\opentest4j\1.3.0\opentest4j-1.3.0.jar;C:\Users\basic\.m2\repository\org\junit\platform\junit-platform-commons\1.12.2\junit-platform-commons-1.12.2.jar;C:\Users\basic\.m2\repository\org\apiguardian\apiguardian-api\1.1.2\apiguardian-api-1.1.2.jar;C:\Users\basic\.m2\repository\org\junit\jupiter\junit-jupiter-params\5.12.2\junit-jupiter-params-5.12.2.jar;C:\Users\basic\.m2\repository\org\junit\jupiter\junit-jupiter-engine\5.12.2\junit-jupiter-engine-5.12.2.jar;C:\Users\basic\.m2\repository\org\junit\platform\junit-platform-engine\1.12.2\junit-platform-engine-1.12.2.jar;C:\Users\basic\.m2\repository\org\mockito\mockito-core\5.17.0\mockito-core-5.17.0.jar;C:\Users\basic\.m2\repository\net\bytebuddy\byte-buddy-agent\1.17.6\byte-buddy-agent-1.17.6.jar;C:\Users\basic\.m2\repository\org\objenesis\objenesis\3.3\objenesis-3.3.jar;C:\Users\basic\.m2\repository\org\mockito\mockito-junit-jupiter\5.17.0\mockito-junit-jupiter-5.17.0.jar;C:\Users\basic\.m2\repository\org\skyscreamer\jsonassert\1.5.3\jsonassert-1.5.3.jar;C:\Users\basic\.m2\repository\com\vaadin\external\google\android-json\0.0.20131108.vaadin1\android-json-0.0.20131108.vaadin1.jar;C:\Users\basic\.m2\repository\org\springframework\spring-core\6.2.8\spring-core-6.2.8.jar;C:\Users\basic\.m2\repository\org\springframework\spring-jcl\6.2.8\spring-jcl-6.2.8.jar;C:\Users\basic\.m2\repository\org\springframework\spring-test\6.2.8\spring-test-6.2.8.jar;C:\Users\basic\.m2\repository\org\xmlunit\xmlunit-core\2.10.2\xmlunit-core-2.10.2.jar;C:\Users\basic\.m2\repository\org\assertj\assertj-core\3.25.3\assertj-core-3.25.3.jar;C:\Users\basic\.m2\repository\net\bytebuddy\byte-buddy\1.17.6\byte-buddy-1.17.6.jar;C:\Users\basic\.m2\repository\org\testcontainers\elasticsearch\1.19.7\elasticsearch-1.19.7.jar;C:\Users\basic\.m2\repository\org\testcontainers\testcontainers\1.21.2\testcontainers-1.21.2.jar;C:\Users\basic\.m2\repository\junit\junit\4.13.2\junit-4.13.2.jar;C:\Users\basic\.m2\repository\org\hamcrest\hamcrest-core\3.0\hamcrest-core-3.0.jar;C:\Users\basic\.m2\repository\org\apache\commons\commons-compress\1.24.0\commons-compress-1.24.0.jar;C:\Users\basic\.m2\repository\org\rnorth\duct-tape\duct-tape\1.0.8\duct-tape-1.0.8.jar;C:\Users\basic\.m2\repository\org\jetbrains\annotations\17.0.0\annotations-17.0.0.jar;C:\Users\basic\.m2\repository\com\github\docker-java\docker-java-api\3.4.2\docker-java-api-3.4.2.jar;C:\Users\basic\.m2\repository\com\github\docker-java\docker-java-transport-zerodep\3.4.2\docker-java-transport-zerodep-3.4.2.jar;C:\Users\basic\.m2\repository\com\github\docker-java\docker-java-transport\3.4.2\docker-java-transport-3.4.2.jar;C:\Users\basic\.m2\repository\net\java\dev\jna\jna\5.13.0\jna-5.13.0.jar;C:\Users\basic\.m2\repository\org\testcontainers\junit-jupiter\1.19.7\junit-jupiter-1.19.7.jar;C:\Users\basic\.m2\repository\org\springframework\data\spring-data-elasticsearch\5.3.0\spring-data-elasticsearch-5.3.0.jar;C:\Users\basic\.m2\repository\org\springframework\spring-context\6.2.8\spring-context-6.2.8.jar;C:\Users\basic\.m2\repository\org\springframework\spring-tx\6.2.8\spring-tx-6.2.8.jar;C:\Users\basic\.m2\repository\org\springframework\data\spring-data-commons\3.5.1\spring-data-commons-3.5.1.jar;C:\Users\basic\.m2\repository\org\slf4j\slf4j-api\2.0.17\slf4j-api-2.0.17.jar;"/>
    <property name="sun.cpu.endian" value="little"/>
    <property name="user.home" value="C:\Users\basic"/>
    <property name="user.language" value="en"/>
    <property name="java.specification.vendor" value="Oracle Corporation"/>
    <property name="java.version.date" value="2025-04-15"/>
    <property name="java.home" value="C:\Program Files\Eclipse Adoptium\jdk-21.0.7.6-hotspot"/>
    <property name="file.separator" value="\"/>
    <property name="basedir" value="C:\Users\basic\OneDrive\Documents\coursesearch"/>
    <property name="java.vm.compressedOopsMode" value="Zero based"/>
    <property name="line.separator" value="&#10;"/>
    <property name="java.vm.specification.vendor" value="Oracle Corporation"/>
    <property name="java.specification.name" value="Java Platform API Specification"/>
    <property name="FILE_LOG_CHARSET" value="UTF-8"/>
    <property name="java.awt.headless" value="true"/>
    <property name="surefire.real.class.path" value="C:\Users\basic\AppData\Local\Temp\surefire1239862466809149736\surefirebooter-20250714113700400_3.jar"/>
    <property name="user.script" value=""/>
    <property name="sun.management.compiler" value="HotSpot 64-Bit Tiered Compilers"/>
    <property name="java.runtime.version" value="21.0.7+6-LTS"/>
    <property name="user.name" value="basic"/>
    <property name="stdout.encoding" value="Cp1252"/>
    <property name="path.separator" value=";"/>
    <property name="os.version" value="10.0"/>
    <property name="java.runtime.name" value="OpenJDK Runtime Environment"/>
    <property name="file.encoding" value="UTF-8"/>
    <property name="java.vm.name" value="OpenJDK 64-Bit Server VM"/>
    <property name="java.vendor.version" value="Temurin-21.0.7+6"/>
    <property name="localRepository" value="C:\Users\basic\.m2\repository"/>
    <property name="java.vendor.url.bug" value="https://github.com/adoptium/adoptium-support/issues"/>
    <property name="java.io.tmpdir" value="C:\Users\basic\AppData\Local\Temp\"/>
    <property name="java.version" value="21.0.7"/>
    <property name="user.dir" value="C:\Users\basic\OneDrive\Documents\coursesearch"/>
    <property name="os.arch" value="amd64"/>
    <property name="java.vm.specification.name" value="Java Virtual Machine Specification"/>
    <property name="PID" value="9576"/>
    <property name="sun.os.patch.level" value=""/>
    <property name="CONSOLE_LOG_CHARSET" value="UTF-8"/>
    <property name="native.encoding" value="Cp1252"/>
    <property name="java.library.path" value="C:\Program Files\Eclipse Adoptium\jdk-21.0.7.6-hotspot\bin;C:\WINDOWS\Sun\Java\bin;C:\WINDOWS\system32;C:\WINDOWS;C:\Program Files\Eclipse Adoptium\jdk-21.0.7.6-hotspot\bin;C:\Windows\system32;C:\Windows;C:\Windows\System32\Wbem;C:\Windows\System32\WindowsPowerShell\v1.0\;C:\Windows\System32\OpenSSH\;C:\Program Files (x86)\NVIDIA Corporation\PhysX\Common;C:\WINDOWS\system32;C:\WINDOWS;C:\WINDOWS\System32\Wbem;C:\WINDOWS\System32\WindowsPowerShell\v1.0\;C:\WINDOWS\System32\OpenSSH\;C:\Program Files\dotnet\;C:\Program Files\nodejs\;C:\Program Files\Cloudflare\Cloudflare WARP\;C:\Program Files\Git\cmd;C:\Program Files\Apache\Maven\bin;;C:\ProgramData\chocolatey\bin;C:\ProgramData\chocolatey\lib\maven\apache-maven-3.9.10\bin;C:\Program Files\Docker\Docker\resources\bin;C:\Users\basic\AppData\Local\pnpm;C:\Users\basic\AppData\Local\Microsoft\WindowsApps;C:\Users\basic\AppData\Local\GitHubDesktop\bin;C:\Users\basic\AppData\Local\Programs\Microsoft VS Code\bin;C:\Users\basic\AppData\Roaming\npm;C:\Program Files\JetBrains\IntelliJ IDEA Community Edition 2025.1.2\bin;;."/>
    <property name="java.vm.info" value="mixed mode, sharing"/>
    <property name="stderr.encoding" value="Cp1252"/>
    <property name="java.vendor" value="Eclipse Adoptium"/>
    <property name="java.vm.version" value="21.0.7+6-LTS"/>
    <property name="sun.io.unicode.encoding" value="UnicodeLittle"/>
    <property name="java.class.version" value="65.0"/>
    <property name="LOGGED_APPLICATION_NAME" value="[courseseach] "/>
  </properties>
  <testcase name="testFindByMinAge" classname="com.example.coursesearch.search.CourseSearchServiceTest" time="0.606">
    <system-out><![CDATA[2025-07-14T11:37:06.293+05:30  INFO 9576 --- [courseseach] [           main] t.c.s.AnnotationConfigContextLoaderUtils : Could not detect default configuration classes for test class [com.example.coursesearch.search.CourseSearchServiceTest]: CourseSearchServiceTest does not declare any static, non-private, non-final, nested classes annotated with @Configuration.
2025-07-14T11:37:06.342+05:30  INFO 9576 --- [courseseach] [           main] .b.t.c.SpringBootTestContextBootstrapper : Found @SpringBootConfiguration com.example.coursesearch.CourseseachApplication for test class com.example.coursesearch.search.CourseSearchServiceTest

  .   ____          _            __ _ _
 /\\ / ___'_ __ _ _(_)_ __  __ _ \ \ \ \
( ( )\___ | '_ | '_| | '_ \/ _` | \ \ \ \
 \\/  ___)| |_)| | | | | || (_| |  ) ) ) )
  '  |____| .__|_| |_|_| |_\__, | / / / /
 =========|_|==============|___/=/_/_/_/

 :: Spring Boot ::                (v3.5.3)

2025-07-14T11:37:06.388+05:30  INFO 9576 --- [courseseach] [           main] c.e.c.search.CourseSearchServiceTest     : Starting CourseSearchServiceTest using Java 21.0.7 with PID 9576 (started by basic in C:\Users\basic\OneDrive\Documents\coursesearch)
2025-07-14T11:37:06.388+05:30  INFO 9576 --- [courseseach] [           main] c.e.c.search.CourseSearchServiceTest     : No active profile set, falling back to 1 default profile: "default"
2025-07-14T11:37:06.500+05:30  INFO 9576 --- [courseseach] [           main] .s.d.r.c.RepositoryConfigurationDelegate : Bootstrapping Spring Data Elasticsearch repositories in DEFAULT mode.
2025-07-14T11:37:06.500+05:30  INFO 9576 --- [courseseach] [           main] .s.d.r.c.RepositoryConfigurationDelegate : Finished Spring Data repository scanning in 6 ms. Found 1 Elasticsearch repository interface.
2025-07-14T11:37:06.661+05:30  WARN 9576 --- [courseseach] [           main] org.elasticsearch.client.RestClient      : request [HEAD http://localhost:9200/courses] returned 1 warnings: [299 Elasticsearch-7.17.17-aba4da413a368e296dfc64fb20897334d0340aa1 "Elasticsearch built-in security features are not enabled. Without authentication, your cluster could be accessible to anyone. See https://www.elastic.co/guide/en/elasticsearch/reference/7.17/security-minimal-setup.html to enable security."]
2025-07-14T11:37:06.666+05:30  INFO 9576 --- [courseseach] [           main] c.e.c.search.CourseSearchServiceTest     : Started CourseSearchServiceTest in 0.324 seconds (process running for 6.145)
2025-07-14T11:37:06.684+05:30  WARN 9576 --- [courseseach] [           main] org.elasticsearch.client.RestClient      : request [HEAD http://localhost:9200/courses] returned 1 warnings: [299 Elasticsearch-7.17.17-aba4da413a368e296dfc64fb20897334d0340aa1 "Elasticsearch built-in security features are not enabled. Without authentication, your cluster could be accessible to anyone. See https://www.elastic.co/guide/en/elasticsearch/reference/7.17/security-minimal-setup.html to enable security."]
2025-07-14T11:37:06.689+05:30  WARN 9576 --- [courseseach] [           main] org.elasticsearch.client.RestClient      : request [HEAD http://localhost:9200/courses] returned 1 warnings: [299 Elasticsearch-7.17.17-aba4da413a368e296dfc64fb20897334d0340aa1 "Elasticsearch built-in security features are not enabled. Without authentication, your cluster could be accessible to anyone. See https://www.elastic.co/guide/en/elasticsearch/reference/7.17/security-minimal-setup.html to enable security."]
2025-07-14T11:37:06.779+05:30  WARN 9576 --- [courseseach] [           main] org.elasticsearch.client.RestClient      : request [DELETE http://localhost:9200/courses] returned 1 warnings: [299 Elasticsearch-7.17.17-aba4da413a368e296dfc64fb20897334d0340aa1 "Elasticsearch built-in security features are not enabled. Without authentication, your cluster could be accessible to anyone. See https://www.elastic.co/guide/en/elasticsearch/reference/7.17/security-minimal-setup.html to enable security."]
2025-07-14T11:37:06.959+05:30  WARN 9576 --- [courseseach] [           main] org.elasticsearch.client.RestClient      : request [PUT http://localhost:9200/courses] returned 1 warnings: [299 Elasticsearch-7.17.17-aba4da413a368e296dfc64fb20897334d0340aa1 "Elasticsearch built-in security features are not enabled. Without authentication, your cluster could be accessible to anyone. See https://www.elastic.co/guide/en/elasticsearch/reference/7.17/security-minimal-setup.html to enable security."]
2025-07-14T11:37:07.096+05:30  WARN 9576 --- [courseseach] [           main] org.elasticsearch.client.RestClient      : request [PUT http://localhost:9200/courses/_mapping] returned 1 warnings: [299 Elasticsearch-7.17.17-aba4da413a368e296dfc64fb20897334d0340aa1 "Elasticsearch built-in security features are not enabled. Without authentication, your cluster could be accessible to anyone. See https://www.elastic.co/guide/en/elasticsearch/reference/7.17/security-minimal-setup.html to enable security."]
2025-07-14T11:37:07.164+05:30  WARN 9576 --- [courseseach] [           main] org.elasticsearch.client.RestClient      : request [PUT http://localhost:9200/courses/_doc/1?refresh=false] returned 1 warnings: [299 Elasticsearch-7.17.17-aba4da413a368e296dfc64fb20897334d0340aa1 "Elasticsearch built-in security features are not enabled. Without authentication, your cluster could be accessible to anyone. See https://www.elastic.co/guide/en/elasticsearch/reference/7.17/security-minimal-setup.html to enable security."]
2025-07-14T11:37:07.177+05:30  WARN 9576 --- [courseseach] [           main] org.elasticsearch.client.RestClient      : request [PUT http://localhost:9200/courses/_doc/2?refresh=false] returned 1 warnings: [299 Elasticsearch-7.17.17-aba4da413a368e296dfc64fb20897334d0340aa1 "Elasticsearch built-in security features are not enabled. Without authentication, your cluster could be accessible to anyone. See https://www.elastic.co/guide/en/elasticsearch/reference/7.17/security-minimal-setup.html to enable security."]
2025-07-14T11:37:07.189+05:30  WARN 9576 --- [courseseach] [           main] org.elasticsearch.client.RestClient      : request [PUT http://localhost:9200/courses/_doc/3?refresh=false] returned 1 warnings: [299 Elasticsearch-7.17.17-aba4da413a368e296dfc64fb20897334d0340aa1 "Elasticsearch built-in security features are not enabled. Without authentication, your cluster could be accessible to anyone. See https://www.elastic.co/guide/en/elasticsearch/reference/7.17/security-minimal-setup.html to enable security."]
2025-07-14T11:37:07.202+05:30  WARN 9576 --- [courseseach] [           main] org.elasticsearch.client.RestClient      : request [POST http://localhost:9200/courses/_refresh] returned 1 warnings: [299 Elasticsearch-7.17.17-aba4da413a368e296dfc64fb20897334d0340aa1 "Elasticsearch built-in security features are not enabled. Without authentication, your cluster could be accessible to anyone. See https://www.elastic.co/guide/en/elasticsearch/reference/7.17/security-minimal-setup.html to enable security."]
2025-07-14T11:37:07.220+05:30  WARN 9576 --- [courseseach] [           main] org.elasticsearch.client.RestClient      : request [POST http://localhost:9200/courses/_search?search_type=query_then_fetch&typed_keys=true] returned 1 warnings: [299 Elasticsearch-7.17.17-aba4da413a368e296dfc64fb20897334d0340aa1 "Elasticsearch built-in security features are not enabled. Without authentication, your cluster could be accessible to anyone. See https://www.elastic.co/guide/en/elasticsearch/reference/7.17/security-minimal-setup.html to enable security."]
]]></system-out>
  </testcase>
  <testcase name="testFindAllCourses" classname="com.example.coursesearch.search.CourseSearchServiceTest" time="0.236">
    <system-out><![CDATA[2025-07-14T11:37:07.282+05:30  WARN 9576 --- [courseseach] [           main] org.elasticsearch.client.RestClient      : request [HEAD http://localhost:9200/courses] returned 1 warnings: [299 Elasticsearch-7.17.17-aba4da413a368e296dfc64fb20897334d0340aa1 "Elasticsearch built-in security features are not enabled. Without authentication, your cluster could be accessible to anyone. See https://www.elastic.co/guide/en/elasticsearch/reference/7.17/security-minimal-setup.html to enable security."]
2025-07-14T11:37:07.287+05:30  WARN 9576 --- [courseseach] [           main] org.elasticsearch.client.RestClient      : request [HEAD http://localhost:9200/courses] returned 1 warnings: [299 Elasticsearch-7.17.17-aba4da413a368e296dfc64fb20897334d0340aa1 "Elasticsearch built-in security features are not enabled. Without authentication, your cluster could be accessible to anyone. See https://www.elastic.co/guide/en/elasticsearch/reference/7.17/security-minimal-setup.html to enable security."]
2025-07-14T11:37:07.321+05:30  WARN 9576 --- [courseseach] [           main] org.elasticsearch.client.RestClient      : request [DELETE http://localhost:9200/courses] returned 1 warnings: [299 Elasticsearch-7.17.17-aba4da413a368e296dfc64fb20897334d0340aa1 "Elasticsearch built-in security features are not enabled. Without authentication, your cluster could be accessible to anyone. See https://www.elastic.co/guide/en/elasticsearch/reference/7.17/security-minimal-setup.html to enable security."]
2025-07-14T11:37:07.389+05:30  WARN 9576 --- [courseseach] [           main] org.elasticsearch.client.RestClient      : request [PUT http://localhost:9200/courses] returned 1 warnings: [299 Elasticsearch-7.17.17-aba4da413a368e296dfc64fb20897334d0340aa1 "Elasticsearch built-in security features are not enabled. Without authentication, your cluster could be accessible to anyone. See https://www.elastic.co/guide/en/elasticsearch/reference/7.17/security-minimal-setup.html to enable security."]
2025-07-14T11:37:07.431+05:30  WARN 9576 --- [courseseach] [           main] org.elasticsearch.client.RestClient      : request [PUT http://localhost:9200/courses/_mapping] returned 1 warnings: [299 Elasticsearch-7.17.17-aba4da413a368e296dfc64fb20897334d0340aa1 "Elasticsearch built-in security features are not enabled. Without authentication, your cluster could be accessible to anyone. See https://www.elastic.co/guide/en/elasticsearch/reference/7.17/security-minimal-setup.html to enable security."]
2025-07-14T11:37:07.471+05:30  WARN 9576 --- [courseseach] [           main] org.elasticsearch.client.RestClient      : request [PUT http://localhost:9200/courses/_doc/1?refresh=false] returned 1 warnings: [299 Elasticsearch-7.17.17-aba4da413a368e296dfc64fb20897334d0340aa1 "Elasticsearch built-in security features are not enabled. Without authentication, your cluster could be accessible to anyone. See https://www.elastic.co/guide/en/elasticsearch/reference/7.17/security-minimal-setup.html to enable security."]
2025-07-14T11:37:07.479+05:30  WARN 9576 --- [courseseach] [           main] org.elasticsearch.client.RestClient      : request [PUT http://localhost:9200/courses/_doc/2?refresh=false] returned 1 warnings: [299 Elasticsearch-7.17.17-aba4da413a368e296dfc64fb20897334d0340aa1 "Elasticsearch built-in security features are not enabled. Without authentication, your cluster could be accessible to anyone. See https://www.elastic.co/guide/en/elasticsearch/reference/7.17/security-minimal-setup.html to enable security."]
2025-07-14T11:37:07.489+05:30  WARN 9576 --- [courseseach] [           main] org.elasticsearch.client.RestClient      : request [PUT http://localhost:9200/courses/_doc/3?refresh=false] returned 1 warnings: [299 Elasticsearch-7.17.17-aba4da413a368e296dfc64fb20897334d0340aa1 "Elasticsearch built-in security features are not enabled. Without authentication, your cluster could be accessible to anyone. See https://www.elastic.co/guide/en/elasticsearch/reference/7.17/security-minimal-setup.html to enable security."]
2025-07-14T11:37:07.500+05:30  WARN 9576 --- [courseseach] [           main] org.elasticsearch.client.RestClient      : request [POST http://localhost:9200/courses/_refresh] returned 1 warnings: [299 Elasticsearch-7.17.17-aba4da413a368e296dfc64fb20897334d0340aa1 "Elasticsearch built-in security features are not enabled. Without authentication, your cluster could be accessible to anyone. See https://www.elastic.co/guide/en/elasticsearch/reference/7.17/security-minimal-setup.html to enable security."]
2025-07-14T11:37:07.507+05:30  WARN 9576 --- [courseseach] [           main] org.elasticsearch.client.RestClient      : request [POST http://localhost:9200/courses/_search?search_type=query_then_fetch&typed_keys=true] returned 1 warnings: [299 Elasticsearch-7.17.17-aba4da413a368e296dfc64fb20897334d0340aa1 "Elasticsearch built-in security features are not enabled. Without authentication, your cluster could be accessible to anyone. See https://www.elastic.co/guide/en/elasticsearch/reference/7.17/security-minimal-setup.html to enable security."]
]]></system-out>
  </testcase>
  <testcase name="testFindByCategory" classname="com.example.coursesearch.search.CourseSearchServiceTest" time="0.269">
    <system-out><![CDATA[2025-07-14T11:37:07.521+05:30  WARN 9576 --- [courseseach] [           main] org.elasticsearch.client.RestClient      : request [HEAD http://localhost:9200/courses] returned 1 warnings: [299 Elasticsearch-7.17.17-aba4da413a368e296dfc64fb20897334d0340aa1 "Elasticsearch built-in security features are not enabled. Without authentication, your cluster could be accessible to anyone. See https://www.elastic.co/guide/en/elasticsearch/reference/7.17/security-minimal-setup.html to enable security."]
2025-07-14T11:37:07.527+05:30  WARN 9576 --- [courseseach] [           main] org.elasticsearch.client.RestClient      : request [HEAD http://localhost:9200/courses] returned 1 warnings: [299 Elasticsearch-7.17.17-aba4da413a368e296dfc64fb20897334d0340aa1 "Elasticsearch built-in security features are not enabled. Without authentication, your cluster could be accessible to anyone. See https://www.elastic.co/guide/en/elasticsearch/reference/7.17/security-minimal-setup.html to enable security."]
2025-07-14T11:37:07.556+05:30  WARN 9576 --- [courseseach] [           main] org.elasticsearch.client.RestClient      : request [DELETE http://localhost:9200/courses] returned 1 warnings: [299 Elasticsearch-7.17.17-aba4da413a368e296dfc64fb20897334d0340aa1 "Elasticsearch built-in security features are not enabled. Without authentication, your cluster could be accessible to anyone. See https://www.elastic.co/guide/en/elasticsearch/reference/7.17/security-minimal-setup.html to enable security."]
2025-07-14T11:37:07.676+05:30  WARN 9576 --- [courseseach] [           main] org.elasticsearch.client.RestClient      : request [PUT http://localhost:9200/courses] returned 1 warnings: [299 Elasticsearch-7.17.17-aba4da413a368e296dfc64fb20897334d0340aa1 "Elasticsearch built-in security features are not enabled. Without authentication, your cluster could be accessible to anyone. See https://www.elastic.co/guide/en/elasticsearch/reference/7.17/security-minimal-setup.html to enable security."]
2025-07-14T11:37:07.708+05:30  WARN 9576 --- [courseseach] [           main] org.elasticsearch.client.RestClient      : request [PUT http://localhost:9200/courses/_mapping] returned 1 warnings: [299 Elasticsearch-7.17.17-aba4da413a368e296dfc64fb20897334d0340aa1 "Elasticsearch built-in security features are not enabled. Without authentication, your cluster could be accessible to anyone. See https://www.elastic.co/guide/en/elasticsearch/reference/7.17/security-minimal-setup.html to enable security."]
2025-07-14T11:37:07.742+05:30  WARN 9576 --- [courseseach] [           main] org.elasticsearch.client.RestClient      : request [PUT http://localhost:9200/courses/_doc/1?refresh=false] returned 1 warnings: [299 Elasticsearch-7.17.17-aba4da413a368e296dfc64fb20897334d0340aa1 "Elasticsearch built-in security features are not enabled. Without authentication, your cluster could be accessible to anyone. See https://www.elastic.co/guide/en/elasticsearch/reference/7.17/security-minimal-setup.html to enable security."]
2025-07-14T11:37:07.751+05:30  WARN 9576 --- [courseseach] [           main] org.elasticsearch.client.RestClient      : request [PUT http://localhost:9200/courses/_doc/2?refresh=false] returned 1 warnings: [299 Elasticsearch-7.17.17-aba4da413a368e296dfc64fb20897334d0340aa1 "Elasticsearch built-in security features are not enabled. Without authentication, your cluster could be accessible to anyone. See https://www.elastic.co/guide/en/elasticsearch/reference/7.17/security-minimal-setup.html to enable security."]
2025-07-14T11:37:07.760+05:30  WARN 9576 --- [courseseach] [           main] org.elasticsearch.client.RestClient      : request [PUT http://localhost:9200/courses/_doc/3?refresh=false] returned 1 warnings: [299 Elasticsearch-7.17.17-aba4da413a368e296dfc64fb20897334d0340aa1 "Elasticsearch built-in security features are not enabled. Without authentication, your cluster could be accessible to anyone. See https://www.elastic.co/guide/en/elasticsearch/reference/7.17/security-minimal-setup.html to enable security."]
2025-07-14T11:37:07.770+05:30  WARN 9576 --- [courseseach] [           main] org.elasticsearch.client.RestClient      : request [POST http://localhost:9200/courses/_refresh] returned 1 warnings: [299 Elasticsearch-7.17.17-aba4da413a368e296dfc64fb20897334d0340aa1 "Elasticsearch built-in security features are not enabled. Without authentication, your cluster could be accessible to anyone. See https://www.elastic.co/guide/en/elasticsearch/reference/7.17/security-minimal-setup.html to enable security."]
2025-07-14T11:37:07.778+05:30  WARN 9576 --- [courseseach] [           main] org.elasticsearch.client.RestClient      : request [POST http://localhost:9200/courses/_search?search_type=query_then_fetch&typed_keys=true] returned 1 warnings: [299 Elasticsearch-7.17.17-aba4da413a368e296dfc64fb20897334d0340aa1 "Elasticsearch built-in security features are not enabled. Without authentication, your cluster could be accessible to anyone. See https://www.elastic.co/guide/en/elasticsearch/reference/7.17/security-minimal-setup.html to enable security."]
]]></system-out>
  </testcase>
</testsuite>