<?xml version="1.0" encoding="UTF-8"?>
<testsuite xmlns:xsi="http://www.w3.org/2001/XMLSchema-instance" xsi:noNamespaceSchemaLocation="https://maven.apache.org/surefire/maven-surefire-plugin/xsd/surefire-test-report.xsd" version="3.0.2" name="com.example.coursesearch.CourseseachApplicationTests" time="4.536" tests="1" errors="0" skipped="0" failures="0">
  <properties>
    <property name="java.specification.version" value="21"/>
    <property name="sun.cpu.isalist" value="amd64"/>
    <property name="sun.jnu.encoding" value="Cp1252"/>
    <property name="java.class.path" value="C:\Users\basic\OneDrive\Documents\coursesearch\target\test-classes;C:\Users\basic\OneDrive\Documents\coursesearch\target\classes;C:\Users\basic\.m2\repository\org\springframework\boot\spring-boot-starter-data-elasticsearch\3.5.3\spring-boot-starter-data-elasticsearch-3.5.3.jar;C:\Users\basic\.m2\repository\org\springframework\boot\spring-boot-starter\3.5.3\spring-boot-starter-3.5.3.jar;C:\Users\basic\.m2\repository\org\springframework\boot\spring-boot\3.5.3\spring-boot-3.5.3.jar;C:\Users\basic\.m2\repository\org\springframework\boot\spring-boot-autoconfigure\3.5.3\spring-boot-autoconfigure-3.5.3.jar;C:\Users\basic\.m2\repository\org\springframework\boot\spring-boot-starter-logging\3.5.3\spring-boot-starter-logging-3.5.3.jar;C:\Users\basic\.m2\repository\ch\qos\logback\logback-classic\1.5.18\logback-classic-1.5.18.jar;C:\Users\basic\.m2\repository\ch\qos\logback\logback-core\1.5.18\logback-core-1.5.18.jar;C:\Users\basic\.m2\repository\org\apache\logging\log4j\log4j-to-slf4j\2.24.3\log4j-to-slf4j-2.24.3.jar;C:\Users\basic\.m2\repository\org\apache\logging\log4j\log4j-api\2.24.3\log4j-api-2.24.3.jar;C:\Users\basic\.m2\repository\org\slf4j\jul-to-slf4j\2.0.17\jul-to-slf4j-2.0.17.jar;C:\Users\basic\.m2\repository\jakarta\annotation\jakarta.annotation-api\2.1.1\jakarta.annotation-api-2.1.1.jar;C:\Users\basic\.m2\repository\org\yaml\snakeyaml\2.4\snakeyaml-2.4.jar;C:\Users\basic\.m2\repository\org\springframework\data\spring-data-elasticsearch\5.5.1\spring-data-elasticsearch-5.5.1.jar;C:\Users\basic\.m2\repository\org\springframework\spring-context\6.2.8\spring-context-6.2.8.jar;C:\Users\basic\.m2\repository\org\springframework\spring-tx\6.2.8\spring-tx-6.2.8.jar;C:\Users\basic\.m2\repository\org\springframework\data\spring-data-commons\3.5.1\spring-data-commons-3.5.1.jar;C:\Users\basic\.m2\repository\co\elastic\clients\elasticsearch-java\8.18.1\elasticsearch-java-8.18.1.jar;C:\Users\basic\.m2\repository\com\google\code\findbugs\jsr305\3.0.2\jsr305-3.0.2.jar;C:\Users\basic\.m2\repository\jakarta\json\jakarta.json-api\2.1.3\jakarta.json-api-2.1.3.jar;C:\Users\basic\.m2\repository\org\eclipse\parsson\parsson\1.0.5\parsson-1.0.5.jar;C:\Users\basic\.m2\repository\io\opentelemetry\opentelemetry-api\1.49.0\opentelemetry-api-1.49.0.jar;C:\Users\basic\.m2\repository\io\opentelemetry\opentelemetry-context\1.49.0\opentelemetry-context-1.49.0.jar;C:\Users\basic\.m2\repository\org\elasticsearch\client\elasticsearch-rest-client\8.18.1\elasticsearch-rest-client-8.18.1.jar;C:\Users\basic\.m2\repository\org\apache\httpcomponents\httpclient\4.5.14\httpclient-4.5.14.jar;C:\Users\basic\.m2\repository\org\apache\httpcomponents\httpcore\4.4.16\httpcore-4.4.16.jar;C:\Users\basic\.m2\repository\org\apache\httpcomponents\httpasyncclient\4.1.5\httpasyncclient-4.1.5.jar;C:\Users\basic\.m2\repository\org\apache\httpcomponents\httpcore-nio\4.4.16\httpcore-nio-4.4.16.jar;C:\Users\basic\.m2\repository\commons-codec\commons-codec\1.18.0\commons-codec-1.18.0.jar;C:\Users\basic\.m2\repository\org\slf4j\slf4j-api\2.0.17\slf4j-api-2.0.17.jar;C:\Users\basic\.m2\repository\org\springframework\boot\spring-boot-starter-json\3.5.3\spring-boot-starter-json-3.5.3.jar;C:\Users\basic\.m2\repository\com\fasterxml\jackson\datatype\jackson-datatype-jdk8\2.19.1\jackson-datatype-jdk8-2.19.1.jar;C:\Users\basic\.m2\repository\com\fasterxml\jackson\module\jackson-module-parameter-names\2.19.1\jackson-module-parameter-names-2.19.1.jar;C:\Users\basic\.m2\repository\org\springframework\boot\spring-boot-starter-web\3.5.3\spring-boot-starter-web-3.5.3.jar;C:\Users\basic\.m2\repository\org\springframework\boot\spring-boot-starter-tomcat\3.5.3\spring-boot-starter-tomcat-3.5.3.jar;C:\Users\basic\.m2\repository\org\apache\tomcat\embed\tomcat-embed-core\10.1.42\tomcat-embed-core-10.1.42.jar;C:\Users\basic\.m2\repository\org\apache\tomcat\embed\tomcat-embed-el\10.1.42\tomcat-embed-el-10.1.42.jar;C:\Users\basic\.m2\repository\org\apache\tomcat\embed\tomcat-embed-websocket\10.1.42\tomcat-embed-websocket-10.1.42.jar;C:\Users\basic\.m2\repository\org\springframework\spring-web\6.2.8\spring-web-6.2.8.jar;C:\Users\basic\.m2\repository\org\springframework\spring-beans\6.2.8\spring-beans-6.2.8.jar;C:\Users\basic\.m2\repository\io\micrometer\micrometer-observation\1.15.1\micrometer-observation-1.15.1.jar;C:\Users\basic\.m2\repository\io\micrometer\micrometer-commons\1.15.1\micrometer-commons-1.15.1.jar;C:\Users\basic\.m2\repository\org\springframework\spring-webmvc\6.2.8\spring-webmvc-6.2.8.jar;C:\Users\basic\.m2\repository\org\springframework\spring-aop\6.2.8\spring-aop-6.2.8.jar;C:\Users\basic\.m2\repository\org\springframework\spring-expression\6.2.8\spring-expression-6.2.8.jar;C:\Users\basic\.m2\repository\jakarta\validation\jakarta.validation-api\3.0.2\jakarta.validation-api-3.0.2.jar;C:\Users\basic\.m2\repository\org\projectlombok\lombok\1.18.38\lombok-1.18.38.jar;C:\Users\basic\.m2\repository\org\springframework\boot\spring-boot-starter-test\3.5.3\spring-boot-starter-test-3.5.3.jar;C:\Users\basic\.m2\repository\org\springframework\boot\spring-boot-test\3.5.3\spring-boot-test-3.5.3.jar;C:\Users\basic\.m2\repository\org\springframework\boot\spring-boot-test-autoconfigure\3.5.3\spring-boot-test-autoconfigure-3.5.3.jar;C:\Users\basic\.m2\repository\com\jayway\jsonpath\json-path\2.9.0\json-path-2.9.0.jar;C:\Users\basic\.m2\repository\jakarta\xml\bind\jakarta.xml.bind-api\4.0.2\jakarta.xml.bind-api-4.0.2.jar;C:\Users\basic\.m2\repository\jakarta\activation\jakarta.activation-api\2.1.3\jakarta.activation-api-2.1.3.jar;C:\Users\basic\.m2\repository\net\minidev\json-smart\2.5.2\json-smart-2.5.2.jar;C:\Users\basic\.m2\repository\net\minidev\accessors-smart\2.5.2\accessors-smart-2.5.2.jar;C:\Users\basic\.m2\repository\org\ow2\asm\asm\9.7.1\asm-9.7.1.jar;C:\Users\basic\.m2\repository\org\assertj\assertj-core\3.27.3\assertj-core-3.27.3.jar;C:\Users\basic\.m2\repository\net\bytebuddy\byte-buddy\1.17.6\byte-buddy-1.17.6.jar;C:\Users\basic\.m2\repository\org\awaitility\awaitility\4.2.2\awaitility-4.2.2.jar;C:\Users\basic\.m2\repository\org\hamcrest\hamcrest\3.0\hamcrest-3.0.jar;C:\Users\basic\.m2\repository\org\junit\jupiter\junit-jupiter\5.12.2\junit-jupiter-5.12.2.jar;C:\Users\basic\.m2\repository\org\junit\jupiter\junit-jupiter-api\5.12.2\junit-jupiter-api-5.12.2.jar;C:\Users\basic\.m2\repository\org\opentest4j\opentest4j\1.3.0\opentest4j-1.3.0.jar;C:\Users\basic\.m2\repository\org\junit\platform\junit-platform-commons\1.12.2\junit-platform-commons-1.12.2.jar;C:\Users\basic\.m2\repository\org\apiguardian\apiguardian-api\1.1.2\apiguardian-api-1.1.2.jar;C:\Users\basic\.m2\repository\org\junit\jupiter\junit-jupiter-params\5.12.2\junit-jupiter-params-5.12.2.jar;C:\Users\basic\.m2\repository\org\junit\jupiter\junit-jupiter-engine\5.12.2\junit-jupiter-engine-5.12.2.jar;C:\Users\basic\.m2\repository\org\junit\platform\junit-platform-engine\1.12.2\junit-platform-engine-1.12.2.jar;C:\Users\basic\.m2\repository\org\mockito\mockito-core\5.17.0\mockito-core-5.17.0.jar;C:\Users\basic\.m2\repository\net\bytebuddy\byte-buddy-agent\1.17.6\byte-buddy-agent-1.17.6.jar;C:\Users\basic\.m2\repository\org\objenesis\objenesis\3.3\objenesis-3.3.jar;C:\Users\basic\.m2\repository\org\mockito\mockito-junit-jupiter\5.17.0\mockito-junit-jupiter-5.17.0.jar;C:\Users\basic\.m2\repository\org\skyscreamer\jsonassert\1.5.3\jsonassert-1.5.3.jar;C:\Users\basic\.m2\repository\com\vaadin\external\google\android-json\0.0.20131108.vaadin1\android-json-0.0.20131108.vaadin1.jar;C:\Users\basic\.m2\repository\org\springframework\spring-core\6.2.8\spring-core-6.2.8.jar;C:\Users\basic\.m2\repository\org\springframework\spring-jcl\6.2.8\spring-jcl-6.2.8.jar;C:\Users\basic\.m2\repository\org\springframework\spring-test\6.2.8\spring-test-6.2.8.jar;C:\Users\basic\.m2\repository\org\xmlunit\xmlunit-core\2.10.2\xmlunit-core-2.10.2.jar;C:\Users\basic\.m2\repository\com\fasterxml\jackson\datatype\jackson-datatype-jsr310\2.19.1\jackson-datatype-jsr310-2.19.1.jar;C:\Users\basic\.m2\repository\com\fasterxml\jackson\core\jackson-annotations\2.19.1\jackson-annotations-2.19.1.jar;C:\Users\basic\.m2\repository\com\fasterxml\jackson\core\jackson-core\2.19.1\jackson-core-2.19.1.jar;C:\Users\basic\.m2\repository\com\fasterxml\jackson\core\jackson-databind\2.19.1\jackson-databind-2.19.1.jar;"/>
    <property name="java.vm.vendor" value="Eclipse Adoptium"/>
    <property name="sun.arch.data.model" value="64"/>
    <property name="user.variant" value=""/>
    <property name="java.vendor.url" value="https://adoptium.net/"/>
    <property name="user.timezone" value="Asia/Calcutta"/>
    <property name="os.name" value="Windows 11"/>
    <property name="java.vm.specification.version" value="21"/>
    <property name="APPLICATION_NAME" value="courseseach"/>
    <property name="sun.java.launcher" value="SUN_STANDARD"/>
    <property name="user.country" value="US"/>
    <property name="sun.boot.library.path" value="C:\Program Files\Eclipse Adoptium\jdk-21.0.7.6-hotspot\bin"/>
    <property name="sun.java.command" value="C:\Users\basic\AppData\Local\Temp\surefire1229410369685707853\surefirebooter-20250713223758823_3.jar C:\Users\basic\AppData\Local\Temp\surefire1229410369685707853 2025-07-13T22-37-58_413-jvmRun1 surefire-20250713223758823_1tmp surefire_0-20250713223758823_2tmp"/>
    <property name="jdk.debug" value="release"/>
    <property name="surefire.test.class.path" value="C:\Users\basic\OneDrive\Documents\coursesearch\target\test-classes;C:\Users\basic\OneDrive\Documents\coursesearch\target\classes;C:\Users\basic\.m2\repository\org\springframework\boot\spring-boot-starter-data-elasticsearch\3.5.3\spring-boot-starter-data-elasticsearch-3.5.3.jar;C:\Users\basic\.m2\repository\org\springframework\boot\spring-boot-starter\3.5.3\spring-boot-starter-3.5.3.jar;C:\Users\basic\.m2\repository\org\springframework\boot\spring-boot\3.5.3\spring-boot-3.5.3.jar;C:\Users\basic\.m2\repository\org\springframework\boot\spring-boot-autoconfigure\3.5.3\spring-boot-autoconfigure-3.5.3.jar;C:\Users\basic\.m2\repository\org\springframework\boot\spring-boot-starter-logging\3.5.3\spring-boot-starter-logging-3.5.3.jar;C:\Users\basic\.m2\repository\ch\qos\logback\logback-classic\1.5.18\logback-classic-1.5.18.jar;C:\Users\basic\.m2\repository\ch\qos\logback\logback-core\1.5.18\logback-core-1.5.18.jar;C:\Users\basic\.m2\repository\org\apache\logging\log4j\log4j-to-slf4j\2.24.3\log4j-to-slf4j-2.24.3.jar;C:\Users\basic\.m2\repository\org\apache\logging\log4j\log4j-api\2.24.3\log4j-api-2.24.3.jar;C:\Users\basic\.m2\repository\org\slf4j\jul-to-slf4j\2.0.17\jul-to-slf4j-2.0.17.jar;C:\Users\basic\.m2\repository\jakarta\annotation\jakarta.annotation-api\2.1.1\jakarta.annotation-api-2.1.1.jar;C:\Users\basic\.m2\repository\org\yaml\snakeyaml\2.4\snakeyaml-2.4.jar;C:\Users\basic\.m2\repository\org\springframework\data\spring-data-elasticsearch\5.5.1\spring-data-elasticsearch-5.5.1.jar;C:\Users\basic\.m2\repository\org\springframework\spring-context\6.2.8\spring-context-6.2.8.jar;C:\Users\basic\.m2\repository\org\springframework\spring-tx\6.2.8\spring-tx-6.2.8.jar;C:\Users\basic\.m2\repository\org\springframework\data\spring-data-commons\3.5.1\spring-data-commons-3.5.1.jar;C:\Users\basic\.m2\repository\co\elastic\clients\elasticsearch-java\8.18.1\elasticsearch-java-8.18.1.jar;C:\Users\basic\.m2\repository\com\google\code\findbugs\jsr305\3.0.2\jsr305-3.0.2.jar;C:\Users\basic\.m2\repository\jakarta\json\jakarta.json-api\2.1.3\jakarta.json-api-2.1.3.jar;C:\Users\basic\.m2\repository\org\eclipse\parsson\parsson\1.0.5\parsson-1.0.5.jar;C:\Users\basic\.m2\repository\io\opentelemetry\opentelemetry-api\1.49.0\opentelemetry-api-1.49.0.jar;C:\Users\basic\.m2\repository\io\opentelemetry\opentelemetry-context\1.49.0\opentelemetry-context-1.49.0.jar;C:\Users\basic\.m2\repository\org\elasticsearch\client\elasticsearch-rest-client\8.18.1\elasticsearch-rest-client-8.18.1.jar;C:\Users\basic\.m2\repository\org\apache\httpcomponents\httpclient\4.5.14\httpclient-4.5.14.jar;C:\Users\basic\.m2\repository\org\apache\httpcomponents\httpcore\4.4.16\httpcore-4.4.16.jar;C:\Users\basic\.m2\repository\org\apache\httpcomponents\httpasyncclient\4.1.5\httpasyncclient-4.1.5.jar;C:\Users\basic\.m2\repository\org\apache\httpcomponents\httpcore-nio\4.4.16\httpcore-nio-4.4.16.jar;C:\Users\basic\.m2\repository\commons-codec\commons-codec\1.18.0\commons-codec-1.18.0.jar;C:\Users\basic\.m2\repository\org\slf4j\slf4j-api\2.0.17\slf4j-api-2.0.17.jar;C:\Users\basic\.m2\repository\org\springframework\boot\spring-boot-starter-json\3.5.3\spring-boot-starter-json-3.5.3.jar;C:\Users\basic\.m2\repository\com\fasterxml\jackson\datatype\jackson-datatype-jdk8\2.19.1\jackson-datatype-jdk8-2.19.1.jar;C:\Users\basic\.m2\repository\com\fasterxml\jackson\module\jackson-module-parameter-names\2.19.1\jackson-module-parameter-names-2.19.1.jar;C:\Users\basic\.m2\repository\org\springframework\boot\spring-boot-starter-web\3.5.3\spring-boot-starter-web-3.5.3.jar;C:\Users\basic\.m2\repository\org\springframework\boot\spring-boot-starter-tomcat\3.5.3\spring-boot-starter-tomcat-3.5.3.jar;C:\Users\basic\.m2\repository\org\apache\tomcat\embed\tomcat-embed-core\10.1.42\tomcat-embed-core-10.1.42.jar;C:\Users\basic\.m2\repository\org\apache\tomcat\embed\tomcat-embed-el\10.1.42\tomcat-embed-el-10.1.42.jar;C:\Users\basic\.m2\repository\org\apache\tomcat\embed\tomcat-embed-websocket\10.1.42\tomcat-embed-websocket-10.1.42.jar;C:\Users\basic\.m2\repository\org\springframework\spring-web\6.2.8\spring-web-6.2.8.jar;C:\Users\basic\.m2\repository\org\springframework\spring-beans\6.2.8\spring-beans-6.2.8.jar;C:\Users\basic\.m2\repository\io\micrometer\micrometer-observation\1.15.1\micrometer-observation-1.15.1.jar;C:\Users\basic\.m2\repository\io\micrometer\micrometer-commons\1.15.1\micrometer-commons-1.15.1.jar;C:\Users\basic\.m2\repository\org\springframework\spring-webmvc\6.2.8\spring-webmvc-6.2.8.jar;C:\Users\basic\.m2\repository\org\springframework\spring-aop\6.2.8\spring-aop-6.2.8.jar;C:\Users\basic\.m2\repository\org\springframework\spring-expression\6.2.8\spring-expression-6.2.8.jar;C:\Users\basic\.m2\repository\jakarta\validation\jakarta.validation-api\3.0.2\jakarta.validation-api-3.0.2.jar;C:\Users\basic\.m2\repository\org\projectlombok\lombok\1.18.38\lombok-1.18.38.jar;C:\Users\basic\.m2\repository\org\springframework\boot\spring-boot-starter-test\3.5.3\spring-boot-starter-test-3.5.3.jar;C:\Users\basic\.m2\repository\org\springframework\boot\spring-boot-test\3.5.3\spring-boot-test-3.5.3.jar;C:\Users\basic\.m2\repository\org\springframework\boot\spring-boot-test-autoconfigure\3.5.3\spring-boot-test-autoconfigure-3.5.3.jar;C:\Users\basic\.m2\repository\com\jayway\jsonpath\json-path\2.9.0\json-path-2.9.0.jar;C:\Users\basic\.m2\repository\jakarta\xml\bind\jakarta.xml.bind-api\4.0.2\jakarta.xml.bind-api-4.0.2.jar;C:\Users\basic\.m2\repository\jakarta\activation\jakarta.activation-api\2.1.3\jakarta.activation-api-2.1.3.jar;C:\Users\basic\.m2\repository\net\minidev\json-smart\2.5.2\json-smart-2.5.2.jar;C:\Users\basic\.m2\repository\net\minidev\accessors-smart\2.5.2\accessors-smart-2.5.2.jar;C:\Users\basic\.m2\repository\org\ow2\asm\asm\9.7.1\asm-9.7.1.jar;C:\Users\basic\.m2\repository\org\assertj\assertj-core\3.27.3\assertj-core-3.27.3.jar;C:\Users\basic\.m2\repository\net\bytebuddy\byte-buddy\1.17.6\byte-buddy-1.17.6.jar;C:\Users\basic\.m2\repository\org\awaitility\awaitility\4.2.2\awaitility-4.2.2.jar;C:\Users\basic\.m2\repository\org\hamcrest\hamcrest\3.0\hamcrest-3.0.jar;C:\Users\basic\.m2\repository\org\junit\jupiter\junit-jupiter\5.12.2\junit-jupiter-5.12.2.jar;C:\Users\basic\.m2\repository\org\junit\jupiter\junit-jupiter-api\5.12.2\junit-jupiter-api-5.12.2.jar;C:\Users\basic\.m2\repository\org\opentest4j\opentest4j\1.3.0\opentest4j-1.3.0.jar;C:\Users\basic\.m2\repository\org\junit\platform\junit-platform-commons\1.12.2\junit-platform-commons-1.12.2.jar;C:\Users\basic\.m2\repository\org\apiguardian\apiguardian-api\1.1.2\apiguardian-api-1.1.2.jar;C:\Users\basic\.m2\repository\org\junit\jupiter\junit-jupiter-params\5.12.2\junit-jupiter-params-5.12.2.jar;C:\Users\basic\.m2\repository\org\junit\jupiter\junit-jupiter-engine\5.12.2\junit-jupiter-engine-5.12.2.jar;C:\Users\basic\.m2\repository\org\junit\platform\junit-platform-engine\1.12.2\junit-platform-engine-1.12.2.jar;C:\Users\basic\.m2\repository\org\mockito\mockito-core\5.17.0\mockito-core-5.17.0.jar;C:\Users\basic\.m2\repository\net\bytebuddy\byte-buddy-agent\1.17.6\byte-buddy-agent-1.17.6.jar;C:\Users\basic\.m2\repository\org\objenesis\objenesis\3.3\objenesis-3.3.jar;C:\Users\basic\.m2\repository\org\mockito\mockito-junit-jupiter\5.17.0\mockito-junit-jupiter-5.17.0.jar;C:\Users\basic\.m2\repository\org\skyscreamer\jsonassert\1.5.3\jsonassert-1.5.3.jar;C:\Users\basic\.m2\repository\com\vaadin\external\google\android-json\0.0.20131108.vaadin1\android-json-0.0.20131108.vaadin1.jar;C:\Users\basic\.m2\repository\org\springframework\spring-core\6.2.8\spring-core-6.2.8.jar;C:\Users\basic\.m2\repository\org\springframework\spring-jcl\6.2.8\spring-jcl-6.2.8.jar;C:\Users\basic\.m2\repository\org\springframework\spring-test\6.2.8\spring-test-6.2.8.jar;C:\Users\basic\.m2\repository\org\xmlunit\xmlunit-core\2.10.2\xmlunit-core-2.10.2.jar;C:\Users\basic\.m2\repository\com\fasterxml\jackson\datatype\jackson-datatype-jsr310\2.19.1\jackson-datatype-jsr310-2.19.1.jar;C:\Users\basic\.m2\repository\com\fasterxml\jackson\core\jackson-annotations\2.19.1\jackson-annotations-2.19.1.jar;C:\Users\basic\.m2\repository\com\fasterxml\jackson\core\jackson-core\2.19.1\jackson-core-2.19.1.jar;C:\Users\basic\.m2\repository\com\fasterxml\jackson\core\jackson-databind\2.19.1\jackson-databind-2.19.1.jar;"/>
    <property name="sun.cpu.endian" value="little"/>
    <property name="user.home" value="C:\Users\basic"/>
    <property name="user.language" value="en"/>
    <property name="java.specification.vendor" value="Oracle Corporation"/>
    <property name="java.version.date" value="2025-04-15"/>
    <property name="java.home" value="C:\Program Files\Eclipse Adoptium\jdk-21.0.7.6-hotspot"/>
    <property name="file.separator" value="\"/>
    <property name="basedir" value="C:\Users\basic\OneDrive\Documents\coursesearch"/>
    <property name="java.vm.compressedOopsMode" value="Zero based"/>
    <property name="line.separator" value="&#10;"/>
    <property name="java.vm.specification.vendor" value="Oracle Corporation"/>
    <property name="java.specification.name" value="Java Platform API Specification"/>
    <property name="FILE_LOG_CHARSET" value="UTF-8"/>
    <property name="java.awt.headless" value="true"/>
    <property name="surefire.real.class.path" value="C:\Users\basic\AppData\Local\Temp\surefire1229410369685707853\surefirebooter-20250713223758823_3.jar"/>
    <property name="user.script" value=""/>
    <property name="sun.management.compiler" value="HotSpot 64-Bit Tiered Compilers"/>
    <property name="java.runtime.version" value="21.0.7+6-LTS"/>
    <property name="user.name" value="basic"/>
    <property name="stdout.encoding" value="Cp1252"/>
    <property name="path.separator" value=";"/>
    <property name="os.version" value="10.0"/>
    <property name="java.runtime.name" value="OpenJDK Runtime Environment"/>
    <property name="file.encoding" value="UTF-8"/>
    <property name="java.vm.name" value="OpenJDK 64-Bit Server VM"/>
    <property name="java.vendor.version" value="Temurin-21.0.7+6"/>
    <property name="localRepository" value="C:\Users\basic\.m2\repository"/>
    <property name="java.vendor.url.bug" value="https://github.com/adoptium/adoptium-support/issues"/>
    <property name="java.io.tmpdir" value="C:\Users\basic\AppData\Local\Temp\"/>
    <property name="java.version" value="21.0.7"/>
    <property name="user.dir" value="C:\Users\basic\OneDrive\Documents\coursesearch"/>
    <property name="os.arch" value="amd64"/>
    <property name="java.vm.specification.name" value="Java Virtual Machine Specification"/>
    <property name="PID" value="16800"/>
    <property name="sun.os.patch.level" value=""/>
    <property name="CONSOLE_LOG_CHARSET" value="UTF-8"/>
    <property name="native.encoding" value="Cp1252"/>
    <property name="java.library.path" value="C:\Program Files\Eclipse Adoptium\jdk-21.0.7.6-hotspot\bin;C:\WINDOWS\Sun\Java\bin;C:\WINDOWS\system32;C:\WINDOWS;C:\Program Files\Eclipse Adoptium\jdk-21.0.7.6-hotspot\bin;C:\Windows\system32;C:\Windows;C:\Windows\System32\Wbem;C:\Windows\System32\WindowsPowerShell\v1.0\;C:\Windows\System32\OpenSSH\;C:\Program Files (x86)\NVIDIA Corporation\PhysX\Common;C:\WINDOWS\system32;C:\WINDOWS;C:\WINDOWS\System32\Wbem;C:\WINDOWS\System32\WindowsPowerShell\v1.0\;C:\WINDOWS\System32\OpenSSH\;C:\Program Files\dotnet\;C:\Program Files\nodejs\;C:\Program Files\Cloudflare\Cloudflare WARP\;C:\Program Files\Git\cmd;C:\Program Files\Apache\Maven\bin;;C:\ProgramData\chocolatey\bin;C:\ProgramData\chocolatey\lib\maven\apache-maven-3.9.10\bin;C:\Program Files\Docker\Docker\resources\bin;C:\Users\basic\AppData\Local\pnpm;C:\Users\basic\AppData\Local\Microsoft\WindowsApps;C:\Users\basic\AppData\Local\GitHubDesktop\bin;C:\Users\basic\AppData\Local\Programs\Microsoft VS Code\bin;C:\Users\basic\AppData\Roaming\npm;C:\Program Files\JetBrains\IntelliJ IDEA Community Edition 2025.1.2\bin;;."/>
    <property name="java.vm.info" value="mixed mode, sharing"/>
    <property name="stderr.encoding" value="Cp1252"/>
    <property name="java.vendor" value="Eclipse Adoptium"/>
    <property name="java.vm.version" value="21.0.7+6-LTS"/>
    <property name="sun.io.unicode.encoding" value="UnicodeLittle"/>
    <property name="java.class.version" value="65.0"/>
    <property name="LOGGED_APPLICATION_NAME" value="[courseseach] "/>
  </properties>
  <testcase name="contextLoads" classname="com.example.coursesearch.CourseseachApplicationTests" time="0.77">
    <system-out><![CDATA[22:37:59.726 [main] INFO org.springframework.test.context.support.AnnotationConfigContextLoaderUtils -- Could not detect default configuration classes for test class [com.example.coursesearch.CourseseachApplicationTests]: CourseseachApplicationTests does not declare any static, non-private, non-final, nested classes annotated with @Configuration.
22:37:59.895 [main] INFO org.springframework.boot.test.context.SpringBootTestContextBootstrapper -- Found @SpringBootConfiguration com.example.coursesearch.CourseseachApplication for test class com.example.coursesearch.CourseseachApplicationTests

  .   ____          _            __ _ _
 /\\ / ___'_ __ _ _(_)_ __  __ _ \ \ \ \
( ( )\___ | '_ | '_| | '_ \/ _` | \ \ \ \
 \\/  ___)| |_)| | | | | || (_| |  ) ) ) )
  '  |____| .__|_| |_|_| |_\__, | / / / /
 =========|_|==============|___/=/_/_/_/

 :: Spring Boot ::                (v3.5.3)

2025-07-13T22:38:00.383+05:30  INFO 16800 --- [courseseach] [           main] c.e.c.CourseseachApplicationTests        : Starting CourseseachApplicationTests using Java 21.0.7 with PID 16800 (started by basic in C:\Users\basic\OneDrive\Documents\coursesearch)
2025-07-13T22:38:00.385+05:30  INFO 16800 --- [courseseach] [           main] c.e.c.CourseseachApplicationTests        : No active profile set, falling back to 1 default profile: "default"
2025-07-13T22:38:00.815+05:30  INFO 16800 --- [courseseach] [           main] .s.d.r.c.RepositoryConfigurationDelegate : Bootstrapping Spring Data Elasticsearch repositories in DEFAULT mode.
2025-07-13T22:38:00.861+05:30  INFO 16800 --- [courseseach] [           main] .s.d.r.c.RepositoryConfigurationDelegate : Finished Spring Data repository scanning in 39 ms. Found 1 Elasticsearch repository interface.
2025-07-13T22:38:01.883+05:30  WARN 16800 --- [courseseach] [           main] org.elasticsearch.client.RestClient      : request [HEAD http://localhost:9200/courses] returned 1 warnings: [299 Elasticsearch-7.17.17-aba4da413a368e296dfc64fb20897334d0340aa1 "Elasticsearch built-in security features are not enabled. Without authentication, your cluster could be accessible to anyone. See https://www.elastic.co/guide/en/elasticsearch/reference/7.17/security-minimal-setup.html to enable security."]
2025-07-13T22:38:01.984+05:30  WARN 16800 --- [courseseach] [           main] org.elasticsearch.client.RestClient      : request [POST http://localhost:9200/courses/_search?search_type=query_then_fetch&typed_keys=true] returned 1 warnings: [299 Elasticsearch-7.17.17-aba4da413a368e296dfc64fb20897334d0340aa1 "Elasticsearch built-in security features are not enabled. Without authentication, your cluster could be accessible to anyone. See https://www.elastic.co/guide/en/elasticsearch/reference/7.17/security-minimal-setup.html to enable security."]
Courses in index before indexing: 0
Courses loaded from JSON: 19
2025-07-13T22:38:02.350+05:30  WARN 16800 --- [courseseach] [           main] org.elasticsearch.client.RestClient      : request [PUT http://localhost:9200/courses/_doc/1?refresh=false] returned 1 warnings: [299 Elasticsearch-7.17.17-aba4da413a368e296dfc64fb20897334d0340aa1 "Elasticsearch built-in security features are not enabled. Without authentication, your cluster could be accessible to anyone. See https://www.elastic.co/guide/en/elasticsearch/reference/7.17/security-minimal-setup.html to enable security."]
2025-07-13T22:38:02.381+05:30  WARN 16800 --- [courseseach] [           main] org.elasticsearch.client.RestClient      : request [POST http://localhost:9200/courses/_refresh] returned 1 warnings: [299 Elasticsearch-7.17.17-aba4da413a368e296dfc64fb20897334d0340aa1 "Elasticsearch built-in security features are not enabled. Without authentication, your cluster could be accessible to anyone. See https://www.elastic.co/guide/en/elasticsearch/reference/7.17/security-minimal-setup.html to enable security."]
✅ Indexed: Toddler Time: Shapes and Colors
2025-07-13T22:38:02.397+05:30  WARN 16800 --- [courseseach] [           main] org.elasticsearch.client.RestClient      : request [PUT http://localhost:9200/courses/_doc/2?refresh=false] returned 1 warnings: [299 Elasticsearch-7.17.17-aba4da413a368e296dfc64fb20897334d0340aa1 "Elasticsearch built-in security features are not enabled. Without authentication, your cluster could be accessible to anyone. See https://www.elastic.co/guide/en/elasticsearch/reference/7.17/security-minimal-setup.html to enable security."]
2025-07-13T22:38:02.417+05:30  WARN 16800 --- [courseseach] [           main] org.elasticsearch.client.RestClient      : request [POST http://localhost:9200/courses/_refresh] returned 1 warnings: [299 Elasticsearch-7.17.17-aba4da413a368e296dfc64fb20897334d0340aa1 "Elasticsearch built-in security features are not enabled. Without authentication, your cluster could be accessible to anyone. See https://www.elastic.co/guide/en/elasticsearch/reference/7.17/security-minimal-setup.html to enable security."]
✅ Indexed: Pre-K Story Explorers
2025-07-13T22:38:02.443+05:30  WARN 16800 --- [courseseach] [           main] org.elasticsearch.client.RestClient      : request [PUT http://localhost:9200/courses/_doc/3?refresh=false] returned 1 warnings: [299 Elasticsearch-7.17.17-aba4da413a368e296dfc64fb20897334d0340aa1 "Elasticsearch built-in security features are not enabled. Without authentication, your cluster could be accessible to anyone. See https://www.elastic.co/guide/en/elasticsearch/reference/7.17/security-minimal-setup.html to enable security."]
2025-07-13T22:38:02.455+05:30  WARN 16800 --- [courseseach] [           main] org.elasticsearch.client.RestClient      : request [POST http://localhost:9200/courses/_refresh] returned 1 warnings: [299 Elasticsearch-7.17.17-aba4da413a368e296dfc64fb20897334d0340aa1 "Elasticsearch built-in security features are not enabled. Without authentication, your cluster could be accessible to anyone. See https://www.elastic.co/guide/en/elasticsearch/reference/7.17/security-minimal-setup.html to enable security."]
✅ Indexed: Number Ninjas: Beginner Math
2025-07-13T22:38:02.467+05:30  WARN 16800 --- [courseseach] [           main] org.elasticsearch.client.RestClient      : request [PUT http://localhost:9200/courses/_doc/4?refresh=false] returned 1 warnings: [299 Elasticsearch-7.17.17-aba4da413a368e296dfc64fb20897334d0340aa1 "Elasticsearch built-in security features are not enabled. Without authentication, your cluster could be accessible to anyone. See https://www.elastic.co/guide/en/elasticsearch/reference/7.17/security-minimal-setup.html to enable security."]
2025-07-13T22:38:02.482+05:30  WARN 16800 --- [courseseach] [           main] org.elasticsearch.client.RestClient      : request [POST http://localhost:9200/courses/_refresh] returned 1 warnings: [299 Elasticsearch-7.17.17-aba4da413a368e296dfc64fb20897334d0340aa1 "Elasticsearch built-in security features are not enabled. Without authentication, your cluster could be accessible to anyone. See https://www.elastic.co/guide/en/elasticsearch/reference/7.17/security-minimal-setup.html to enable security."]
✅ Indexed: Reading Rockets: Phonics Bootcamp
2025-07-13T22:38:02.495+05:30  WARN 16800 --- [courseseach] [           main] org.elasticsearch.client.RestClient      : request [PUT http://localhost:9200/courses/_doc/5?refresh=false] returned 1 warnings: [299 Elasticsearch-7.17.17-aba4da413a368e296dfc64fb20897334d0340aa1 "Elasticsearch built-in security features are not enabled. Without authentication, your cluster could be accessible to anyone. See https://www.elastic.co/guide/en/elasticsearch/reference/7.17/security-minimal-setup.html to enable security."]
2025-07-13T22:38:02.509+05:30  WARN 16800 --- [courseseach] [           main] org.elasticsearch.client.RestClient      : request [POST http://localhost:9200/courses/_refresh] returned 1 warnings: [299 Elasticsearch-7.17.17-aba4da413a368e296dfc64fb20897334d0340aa1 "Elasticsearch built-in security features are not enabled. Without authentication, your cluster could be accessible to anyone. See https://www.elastic.co/guide/en/elasticsearch/reference/7.17/security-minimal-setup.html to enable security."]
✅ Indexed: Science Sparks: Mini Lab
2025-07-13T22:38:02.519+05:30  WARN 16800 --- [courseseach] [           main] org.elasticsearch.client.RestClient      : request [PUT http://localhost:9200/courses/_doc/6?refresh=false] returned 1 warnings: [299 Elasticsearch-7.17.17-aba4da413a368e296dfc64fb20897334d0340aa1 "Elasticsearch built-in security features are not enabled. Without authentication, your cluster could be accessible to anyone. See https://www.elastic.co/guide/en/elasticsearch/reference/7.17/security-minimal-setup.html to enable security."]
2025-07-13T22:38:02.533+05:30  WARN 16800 --- [courseseach] [           main] org.elasticsearch.client.RestClient      : request [POST http://localhost:9200/courses/_refresh] returned 1 warnings: [299 Elasticsearch-7.17.17-aba4da413a368e296dfc64fb20897334d0340aa1 "Elasticsearch built-in security features are not enabled. Without authentication, your cluster could be accessible to anyone. See https://www.elastic.co/guide/en/elasticsearch/reference/7.17/security-minimal-setup.html to enable security."]
✅ Indexed: Young Coders Club
2025-07-13T22:38:02.544+05:30  WARN 16800 --- [courseseach] [           main] org.elasticsearch.client.RestClient      : request [PUT http://localhost:9200/courses/_doc/7?refresh=false] returned 1 warnings: [299 Elasticsearch-7.17.17-aba4da413a368e296dfc64fb20897334d0340aa1 "Elasticsearch built-in security features are not enabled. Without authentication, your cluster could be accessible to anyone. See https://www.elastic.co/guide/en/elasticsearch/reference/7.17/security-minimal-setup.html to enable security."]
2025-07-13T22:38:02.558+05:30  WARN 16800 --- [courseseach] [           main] org.elasticsearch.client.RestClient      : request [POST http://localhost:9200/courses/_refresh] returned 1 warnings: [299 Elasticsearch-7.17.17-aba4da413a368e296dfc64fb20897334d0340aa1 "Elasticsearch built-in security features are not enabled. Without authentication, your cluster could be accessible to anyone. See https://www.elastic.co/guide/en/elasticsearch/reference/7.17/security-minimal-setup.html to enable security."]
✅ Indexed: Art Lab: Creative Drawing & Sketching
2025-07-13T22:38:02.568+05:30  WARN 16800 --- [courseseach] [           main] org.elasticsearch.client.RestClient      : request [PUT http://localhost:9200/courses/_doc/8?refresh=false] returned 1 warnings: [299 Elasticsearch-7.17.17-aba4da413a368e296dfc64fb20897334d0340aa1 "Elasticsearch built-in security features are not enabled. Without authentication, your cluster could be accessible to anyone. See https://www.elastic.co/guide/en/elasticsearch/reference/7.17/security-minimal-setup.html to enable security."]
2025-07-13T22:38:02.579+05:30  WARN 16800 --- [courseseach] [           main] org.elasticsearch.client.RestClient      : request [POST http://localhost:9200/courses/_refresh] returned 1 warnings: [299 Elasticsearch-7.17.17-aba4da413a368e296dfc64fb20897334d0340aa1 "Elasticsearch built-in security features are not enabled. Without authentication, your cluster could be accessible to anyone. See https://www.elastic.co/guide/en/elasticsearch/reference/7.17/security-minimal-setup.html to enable security."]
✅ Indexed: Junior Robotics Bootcamp
2025-07-13T22:38:02.588+05:30  WARN 16800 --- [courseseach] [           main] org.elasticsearch.client.RestClient      : request [PUT http://localhost:9200/courses/_doc/9?refresh=false] returned 1 warnings: [299 Elasticsearch-7.17.17-aba4da413a368e296dfc64fb20897334d0340aa1 "Elasticsearch built-in security features are not enabled. Without authentication, your cluster could be accessible to anyone. See https://www.elastic.co/guide/en/elasticsearch/reference/7.17/security-minimal-setup.html to enable security."]
2025-07-13T22:38:02.600+05:30  WARN 16800 --- [courseseach] [           main] org.elasticsearch.client.RestClient      : request [POST http://localhost:9200/courses/_refresh] returned 1 warnings: [299 Elasticsearch-7.17.17-aba4da413a368e296dfc64fb20897334d0340aa1 "Elasticsearch built-in security features are not enabled. Without authentication, your cluster could be accessible to anyone. See https://www.elastic.co/guide/en/elasticsearch/reference/7.17/security-minimal-setup.html to enable security."]
✅ Indexed: Math Olympiad Prep
2025-07-13T22:38:02.611+05:30  WARN 16800 --- [courseseach] [           main] org.elasticsearch.client.RestClient      : request [PUT http://localhost:9200/courses/_doc/10?refresh=false] returned 1 warnings: [299 Elasticsearch-7.17.17-aba4da413a368e296dfc64fb20897334d0340aa1 "Elasticsearch built-in security features are not enabled. Without authentication, your cluster could be accessible to anyone. See https://www.elastic.co/guide/en/elasticsearch/reference/7.17/security-minimal-setup.html to enable security."]
2025-07-13T22:38:02.623+05:30  WARN 16800 --- [courseseach] [           main] org.elasticsearch.client.RestClient      : request [POST http://localhost:9200/courses/_refresh] returned 1 warnings: [299 Elasticsearch-7.17.17-aba4da413a368e296dfc64fb20897334d0340aa1 "Elasticsearch built-in security features are not enabled. Without authentication, your cluster could be accessible to anyone. See https://www.elastic.co/guide/en/elasticsearch/reference/7.17/security-minimal-setup.html to enable security."]
✅ Indexed: Debate Skills for Teens
2025-07-13T22:38:02.633+05:30  WARN 16800 --- [courseseach] [           main] org.elasticsearch.client.RestClient      : request [PUT http://localhost:9200/courses/_doc/11?refresh=false] returned 1 warnings: [299 Elasticsearch-7.17.17-aba4da413a368e296dfc64fb20897334d0340aa1 "Elasticsearch built-in security features are not enabled. Without authentication, your cluster could be accessible to anyone. See https://www.elastic.co/guide/en/elasticsearch/reference/7.17/security-minimal-setup.html to enable security."]
2025-07-13T22:38:02.645+05:30  WARN 16800 --- [courseseach] [           main] org.elasticsearch.client.RestClient      : request [POST http://localhost:9200/courses/_refresh] returned 1 warnings: [299 Elasticsearch-7.17.17-aba4da413a368e296dfc64fb20897334d0340aa1 "Elasticsearch built-in security features are not enabled. Without authentication, your cluster could be accessible to anyone. See https://www.elastic.co/guide/en/elasticsearch/reference/7.17/security-minimal-setup.html to enable security."]
✅ Indexed: Creative Writing: Storytelling for Teens
2025-07-13T22:38:02.655+05:30  WARN 16800 --- [courseseach] [           main] org.elasticsearch.client.RestClient      : request [PUT http://localhost:9200/courses/_doc/12?refresh=false] returned 1 warnings: [299 Elasticsearch-7.17.17-aba4da413a368e296dfc64fb20897334d0340aa1 "Elasticsearch built-in security features are not enabled. Without authentication, your cluster could be accessible to anyone. See https://www.elastic.co/guide/en/elasticsearch/reference/7.17/security-minimal-setup.html to enable security."]
2025-07-13T22:38:02.673+05:30  WARN 16800 --- [courseseach] [           main] org.elasticsearch.client.RestClient      : request [POST http://localhost:9200/courses/_refresh] returned 1 warnings: [299 Elasticsearch-7.17.17-aba4da413a368e296dfc64fb20897334d0340aa1 "Elasticsearch built-in security features are not enabled. Without authentication, your cluster could be accessible to anyone. See https://www.elastic.co/guide/en/elasticsearch/reference/7.17/security-minimal-setup.html to enable security."]
✅ Indexed: AI for Beginners (Teen Edition)
2025-07-13T22:38:02.683+05:30  WARN 16800 --- [courseseach] [           main] org.elasticsearch.client.RestClient      : request [PUT http://localhost:9200/courses/_doc/13?refresh=false] returned 1 warnings: [299 Elasticsearch-7.17.17-aba4da413a368e296dfc64fb20897334d0340aa1 "Elasticsearch built-in security features are not enabled. Without authentication, your cluster could be accessible to anyone. See https://www.elastic.co/guide/en/elasticsearch/reference/7.17/security-minimal-setup.html to enable security."]
2025-07-13T22:38:02.695+05:30  WARN 16800 --- [courseseach] [           main] org.elasticsearch.client.RestClient      : request [POST http://localhost:9200/courses/_refresh] returned 1 warnings: [299 Elasticsearch-7.17.17-aba4da413a368e296dfc64fb20897334d0340aa1 "Elasticsearch built-in security features are not enabled. Without authentication, your cluster could be accessible to anyone. See https://www.elastic.co/guide/en/elasticsearch/reference/7.17/security-minimal-setup.html to enable security."]
✅ Indexed: High School Robotics Challenge
2025-07-13T22:38:02.705+05:30  WARN 16800 --- [courseseach] [           main] org.elasticsearch.client.RestClient      : request [PUT http://localhost:9200/courses/_doc/14?refresh=false] returned 1 warnings: [299 Elasticsearch-7.17.17-aba4da413a368e296dfc64fb20897334d0340aa1 "Elasticsearch built-in security features are not enabled. Without authentication, your cluster could be accessible to anyone. See https://www.elastic.co/guide/en/elasticsearch/reference/7.17/security-minimal-setup.html to enable security."]
2025-07-13T22:38:02.717+05:30  WARN 16800 --- [courseseach] [           main] org.elasticsearch.client.RestClient      : request [POST http://localhost:9200/courses/_refresh] returned 1 warnings: [299 Elasticsearch-7.17.17-aba4da413a368e296dfc64fb20897334d0340aa1 "Elasticsearch built-in security features are not enabled. Without authentication, your cluster could be accessible to anyone. See https://www.elastic.co/guide/en/elasticsearch/reference/7.17/security-minimal-setup.html to enable security."]
✅ Indexed: SAT Math Intensive
2025-07-13T22:38:02.729+05:30  WARN 16800 --- [courseseach] [           main] org.elasticsearch.client.RestClient      : request [PUT http://localhost:9200/courses/_doc/15?refresh=false] returned 1 warnings: [299 Elasticsearch-7.17.17-aba4da413a368e296dfc64fb20897334d0340aa1 "Elasticsearch built-in security features are not enabled. Without authentication, your cluster could be accessible to anyone. See https://www.elastic.co/guide/en/elasticsearch/reference/7.17/security-minimal-setup.html to enable security."]
2025-07-13T22:38:02.740+05:30  WARN 16800 --- [courseseach] [           main] org.elasticsearch.client.RestClient      : request [POST http://localhost:9200/courses/_refresh] returned 1 warnings: [299 Elasticsearch-7.17.17-aba4da413a368e296dfc64fb20897334d0340aa1 "Elasticsearch built-in security features are not enabled. Without authentication, your cluster could be accessible to anyone. See https://www.elastic.co/guide/en/elasticsearch/reference/7.17/security-minimal-setup.html to enable security."]
✅ Indexed: Portfolio Prep for Art School
2025-07-13T22:38:02.756+05:30  WARN 16800 --- [courseseach] [           main] org.elasticsearch.client.RestClient      : request [PUT http://localhost:9200/courses/_doc/16?refresh=false] returned 1 warnings: [299 Elasticsearch-7.17.17-aba4da413a368e296dfc64fb20897334d0340aa1 "Elasticsearch built-in security features are not enabled. Without authentication, your cluster could be accessible to anyone. See https://www.elastic.co/guide/en/elasticsearch/reference/7.17/security-minimal-setup.html to enable security."]
2025-07-13T22:38:02.766+05:30  WARN 16800 --- [courseseach] [           main] org.elasticsearch.client.RestClient      : request [POST http://localhost:9200/courses/_refresh] returned 1 warnings: [299 Elasticsearch-7.17.17-aba4da413a368e296dfc64fb20897334d0340aa1 "Elasticsearch built-in security features are not enabled. Without authentication, your cluster could be accessible to anyone. See https://www.elastic.co/guide/en/elasticsearch/reference/7.17/security-minimal-setup.html to enable security."]
✅ Indexed: Young Entrepreneurs Bootcamp
2025-07-13T22:38:02.777+05:30  WARN 16800 --- [courseseach] [           main] org.elasticsearch.client.RestClient      : request [PUT http://localhost:9200/courses/_doc/17?refresh=false] returned 1 warnings: [299 Elasticsearch-7.17.17-aba4da413a368e296dfc64fb20897334d0340aa1 "Elasticsearch built-in security features are not enabled. Without authentication, your cluster could be accessible to anyone. See https://www.elastic.co/guide/en/elasticsearch/reference/7.17/security-minimal-setup.html to enable security."]
2025-07-13T22:38:02.788+05:30  WARN 16800 --- [courseseach] [           main] org.elasticsearch.client.RestClient      : request [POST http://localhost:9200/courses/_refresh] returned 1 warnings: [299 Elasticsearch-7.17.17-aba4da413a368e296dfc64fb20897334d0340aa1 "Elasticsearch built-in security features are not enabled. Without authentication, your cluster could be accessible to anyone. See https://www.elastic.co/guide/en/elasticsearch/reference/7.17/security-minimal-setup.html to enable security."]
✅ Indexed: College Transition 101
2025-07-13T22:38:02.796+05:30  WARN 16800 --- [courseseach] [           main] org.elasticsearch.client.RestClient      : request [PUT http://localhost:9200/courses/_doc/18?refresh=false] returned 1 warnings: [299 Elasticsearch-7.17.17-aba4da413a368e296dfc64fb20897334d0340aa1 "Elasticsearch built-in security features are not enabled. Without authentication, your cluster could be accessible to anyone. See https://www.elastic.co/guide/en/elasticsearch/reference/7.17/security-minimal-setup.html to enable security."]
2025-07-13T22:38:02.806+05:30  WARN 16800 --- [courseseach] [           main] org.elasticsearch.client.RestClient      : request [POST http://localhost:9200/courses/_refresh] returned 1 warnings: [299 Elasticsearch-7.17.17-aba4da413a368e296dfc64fb20897334d0340aa1 "Elasticsearch built-in security features are not enabled. Without authentication, your cluster could be accessible to anyone. See https://www.elastic.co/guide/en/elasticsearch/reference/7.17/security-minimal-setup.html to enable security."]
✅ Indexed: Intro to Graphic Design with Canva
2025-07-13T22:38:02.815+05:30  WARN 16800 --- [courseseach] [           main] org.elasticsearch.client.RestClient      : request [PUT http://localhost:9200/courses/_doc/19?refresh=false] returned 1 warnings: [299 Elasticsearch-7.17.17-aba4da413a368e296dfc64fb20897334d0340aa1 "Elasticsearch built-in security features are not enabled. Without authentication, your cluster could be accessible to anyone. See https://www.elastic.co/guide/en/elasticsearch/reference/7.17/security-minimal-setup.html to enable security."]
2025-07-13T22:38:02.827+05:30  WARN 16800 --- [courseseach] [           main] org.elasticsearch.client.RestClient      : request [POST http://localhost:9200/courses/_refresh] returned 1 warnings: [299 Elasticsearch-7.17.17-aba4da413a368e296dfc64fb20897334d0340aa1 "Elasticsearch built-in security features are not enabled. Without authentication, your cluster could be accessible to anyone. See https://www.elastic.co/guide/en/elasticsearch/reference/7.17/security-minimal-setup.html to enable security."]
✅ Indexed: Summer Robotics Camp
✅ All courses processed.
2025-07-13T22:38:03.033+05:30  INFO 16800 --- [courseseach] [           main] o.s.v.b.OptionalValidatorFactoryBean     : Failed to set up a Bean Validation provider: jakarta.validation.NoProviderFoundException: Unable to create a Configuration, because no Jakarta Bean Validation provider could be found. Add a provider like Hibernate Validator (RI) to your classpath.
2025-07-13T22:38:03.302+05:30  INFO 16800 --- [courseseach] [           main] c.e.c.CourseseachApplicationTests        : Started CourseseachApplicationTests in 3.207 seconds (process running for 4.397)
]]></system-out>
    <system-err><![CDATA[Mockito is currently self-attaching to enable the inline-mock-maker. This will no longer work in future releases of the JDK. Please add Mockito as an agent to your build as described in Mockito's documentation: https://javadoc.io/doc/org.mockito/mockito-core/latest/org.mockito/org/mockito/Mockito.html#0.3
WARNING: A Java agent has been loaded dynamically (C:\Users\basic\.m2\repository\net\bytebuddy\byte-buddy-agent\1.17.6\byte-buddy-agent-1.17.6.jar)
WARNING: If a serviceability tool is in use, please run with -XX:+EnableDynamicAgentLoading to hide this warning
WARNING: If a serviceability tool is not in use, please run with -Djdk.instrument.traceUsage for more information
WARNING: Dynamic loading of agents will be disallowed by default in a future release
]]></system-err>
  </testcase>
</testsuite>